This is XeTeX, Version 3.1415926-2.5-0.9999.3 (MiKTeX 2.9) (preloaded format=xelatex 2014.11.1)  13 FEB 2015 22:14
entering extended mode
**12_43.tex
("E:\Users\zheng\Desktop\ZARD\NEW - 2015-2-13\12_43.tex"
LaTeX2e <2011/06/27>
Babel <v3.8m> and hyphenation patterns for english, afrikaans, ancientgreek, ar
abic, armenian, assamese, basque, bengali, bokmal, bulgarian, catalan, coptic, 
croatian, czech, danish, dutch, esperanto, estonian, farsi, finnish, french, ga
lician, german, german-x-2013-05-26, greek, gujarati, hindi, hungarian, iceland
ic, indonesian, interlingua, irish, italian, kannada, kurmanji, latin, latvian,
 lithuanian, malayalam, marathi, mongolian, mongolianlmc, monogreek, ngerman, n
german-x-2013-05-26, nynorsk, oriya, panjabi, pinyin, polish, portuguese, roman
ian, russian, sanskrit, serbian, slovak, slovenian, spanish, swedish, swissgerm
an, tamil, telugu, turkish, turkmen, ukenglish, ukrainian, uppersorbian, usengl
ishmax, welsh, loaded.
! Undefined control sequence.
l.1 \section
            { æ„›ã¯æš—é—‡ã®ä¸­ã§(44th Single ver.)}
The control sequence at the end of the top line
of your error message was never \def'ed. If you have
misspelled it (e.g., `\hobx'), type `I' and the correct
spelling (e.g., `I\hbox'). Otherwise just continue,
and I'll forget about whatever was undefined.


! LaTeX Error: Missing \begin{document}.

See the LaTeX manual or LaTeX Companion for explanation.
Type  H <return>  for immediate help.
 ...                                              
                                                  
l.1 \section{ æ„›
                 ã¯æš—é—‡ã®ä¸­ã§(44th Single ver.)}
You're in trouble here.  Try typing  <return>  to proceed.
If that doesn't work, type  X <return>  to quit.

Missing character: There is no æ„› in font nullfont!
Missing character: There is no ã¯ in font nullfont!
Missing character: There is no æš— in font nullfont!
Missing character: There is no é—‡ in font nullfont!
Missing character: There is no ã® in font nullfont!
Missing character: There is no ä¸­ in font nullfont!
Missing character: There is no ã§ in font nullfont!
Missing character: There is no ( in font nullfont!
Missing character: There is no 4 in font nullfont!
Missing character: There is no 4 in font nullfont!
Missing character: There is no t in font nullfont!
Missing character: There is no h in font nullfont!
Missing character: There is no S in font nullfont!
Missing character: There is no i in font nullfont!
Missing character: There is no n in font nullfont!
Missing character: There is no g in font nullfont!
Missing character: There is no l in font nullfont!
Missing character: There is no e in font nullfont!
Missing character: There is no v in font nullfont!
Missing character: There is no e in font nullfont!
Missing character: There is no r in font nullfont!
Missing character: There is no . in font nullfont!
Missing character: There is no ) in font nullfont!
! Undefined control sequence.
l.2 \large
          {
The control sequence at the end of the top line
of your error message was never \def'ed. If you have
misspelled it (e.g., `\hobx'), type `I' and the correct
spelling (e.g., `I\hbox'). Otherwise just continue,
and I'll forget about whatever was undefined.


Overfull \hbox (20.0pt too wide) in paragraph at lines 1--3
[]
 []

! Undefined control sequence.
l.4 \ruby
         {æ„›}{ã‚ã„}ã¯\ruby{æ‰‹æ¢}{ã¦ã•ã}ã‚Š
The control sequence at the end of the top line
of your error message was never \def'ed. If you have
misspelled it (e.g., `\hobx'), type `I' and the correct
spelling (e.g., `I\hbox'). Otherwise just continue,
and I'll forget about whatever was undefined.


! LaTeX Error: Missing \begin{document}.

See the LaTeX manual or LaTeX Companion for explanation.
Type  H <return>  for immediate help.
 ...                                              
                                                  
l.4 \ruby{æ„›
             }{ã‚ã„}ã¯\ruby{æ‰‹æ¢}{ã¦ã•ã}ã‚Š
You're in trouble here.  Try typing  <return>  to proceed.
If that doesn't work, type  X <return>  to quit.

Missing character: There is no æ„› in font nullfont!
Missing character: There is no ã‚ in font nullfont!
Missing character: There is no ã„ in font nullfont!
Missing character: There is no ã¯ in font nullfont!
! Undefined control sequence.
l.4 \ruby{æ„›}{ã‚ã„}ã¯\ruby
                              {æ‰‹æ¢}{ã¦ã•ã}ã‚Š
The control sequence at the end of the top line
of your error message was never \def'ed. If you have
misspelled it (e.g., `\hobx'), type `I' and the correct
spelling (e.g., `I\hbox'). Otherwise just continue,
and I'll forget about whatever was undefined.

Missing character: There is no æ‰‹ in font nullfont!
Missing character: There is no æ¢ in font nullfont!
Missing character: There is no ã¦ in font nullfont!
Missing character: There is no ã• in font nullfont!
Missing character: There is no ã in font nullfont!
Missing character: There is no ã‚Š in font nullfont!

Overfull \hbox (20.0pt too wide) in paragraph at lines 4--5
[] 
 []

! Undefined control sequence.
l.6 \ruby
         {æš—é—‡}{ãã‚‰ã‚„ã¿}ã®\ruby{ä¸­}{ãªã‹}ã§
The control sequence at the end of the top line
of your error message was never \def'ed. If you have
misspelled it (e.g., `\hobx'), type `I' and the correct
spelling (e.g., `I\hbox'). Otherwise just continue,
and I'll forget about whatever was undefined.


! LaTeX Error: Missing \begin{document}.

See the LaTeX manual or LaTeX Companion for explanation.
Type  H <return>  for immediate help.
 ...                                              
                                                  
l.6 \ruby{æš—
             é—‡}{ãã‚‰ã‚„ã¿}ã®\ruby{ä¸­}{ãªã‹}ã§
You're in trouble here.  Try typing  <return>  to proceed.
If that doesn't work, type  X <return>  to quit.

Missing character: There is no æš— in font nullfont!
Missing character: There is no é—‡ in font nullfont!
Missing character: There is no ã in font nullfont!
Missing character: There is no ã‚‰ in font nullfont!
Missing character: There is no ã‚„ in font nullfont!
Missing character: There is no ã¿ in font nullfont!
Missing character: There is no ã® in font nullfont!
! Undefined control sequence.
l.6 \ruby{æš—é—‡}{ãã‚‰ã‚„ã¿}ã®\ruby
                                       {ä¸­}{ãªã‹}ã§
The control sequence at the end of the top line
of your error message was never \def'ed. If you have
misspelled it (e.g., `\hobx'), type `I' and the correct
spelling (e.g., `I\hbox'). Otherwise just continue,
and I'll forget about whatever was undefined.

Missing character: There is no ä¸­ in font nullfont!
Missing character: There is no ãª in font nullfont!
Missing character: There is no ã‹ in font nullfont!
Missing character: There is no ã§ in font nullfont!

Overfull \hbox (20.0pt too wide) in paragraph at lines 6--7
[] 
 []

! Undefined control sequence.
l.8 \ruby
         {è¸Š}{ãŠã©}ã‚‹ã€€It's gonna be a great night, yeahï½
The control sequence at the end of the top line
of your error message was never \def'ed. If you have
misspelled it (e.g., `\hobx'), type `I' and the correct
spelling (e.g., `I\hbox'). Otherwise just continue,
and I'll forget about whatever was undefined.


! LaTeX Error: Missing \begin{document}.

See the LaTeX manual or LaTeX Companion for explanation.
Type  H <return>  for immediate help.
 ...                                              
                                                  
l.8 \ruby{è¸Š
             }{ãŠã©}ã‚‹ã€€It's gonna be a great night, yeahï½
You're in trouble here.  Try typing  <return>  to proceed.
If that doesn't work, type  X <return>  to quit.

Missing character: There is no è¸Š in font nullfont!
Missing character: There is no ãŠ in font nullfont!
Missing character: There is no ã© in font nullfont!
Missing character: There is no ã‚‹ in font nullfont!
Missing character: There is no ã€€ in font nullfont!
Missing character: There is no I in font nullfont!
Missing character: There is no t in font nullfont!
Missing character: There is no ' in font nullfont!
Missing character: There is no s in font nullfont!
Missing character: There is no g in font nullfont!
Missing character: There is no o in font nullfont!
Missing character: There is no n in font nullfont!
Missing character: There is no n in font nullfont!
Missing character: There is no a in font nullfont!
Missing character: There is no b in font nullfont!
Missing character: There is no e in font nullfont!
Missing character: There is no a in font nullfont!
Missing character: There is no g in font nullfont!
Missing character: There is no r in font nullfont!
Missing character: There is no e in font nullfont!
Missing character: There is no a in font nullfont!
Missing character: There is no t in font nullfont!
Missing character: There is no n in font nullfont!
Missing character: There is no i in font nullfont!
Missing character: There is no g in font nullfont!
Missing character: There is no h in font nullfont!
Missing character: There is no t in font nullfont!
Missing character: There is no , in font nullfont!
Missing character: There is no y in font nullfont!
Missing character: There is no e in font nullfont!
Missing character: There is no a in font nullfont!
Missing character: There is no h in font nullfont!
Missing character: There is no ï½ in font nullfont!

Overfull \hbox (20.0pt too wide) in paragraph at lines 8--10
[]
 []

! Undefined control sequence.
l.11 \ruby
          {é§†}{ã‹}ã‘\ruby{æ‹”}{ã¬}ã‘ã‚‹ã€€Freeway
The control sequence at the end of the top line
of your error message was never \def'ed. If you have
misspelled it (e.g., `\hobx'), type `I' and the correct
spelling (e.g., `I\hbox'). Otherwise just continue,
and I'll forget about whatever was undefined.


! LaTeX Error: Missing \begin{document}.

See the LaTeX manual or LaTeX Companion for explanation.
Type  H <return>  for immediate help.
 ...                                              
                                                  
l.11 \ruby{é§†
              }{ã‹}ã‘\ruby{æ‹”}{ã¬}ã‘ã‚‹ã€€Freeway
You're in trouble here.  Try typing  <return>  to proceed.
If that doesn't work, type  X <return>  to quit.

Missing character: There is no é§† in font nullfont!
Missing character: There is no ã‹ in font nullfont!
Missing character: There is no ã‘ in font nullfont!
! Undefined control sequence.
l.11 \ruby{é§†}{ã‹}ã‘\ruby
                            {æ‹”}{ã¬}ã‘ã‚‹ã€€Freeway
The control sequence at the end of the top line
of your error message was never \def'ed. If you have
misspelled it (e.g., `\hobx'), type `I' and the correct
spelling (e.g., `I\hbox'). Otherwise just continue,
and I'll forget about whatever was undefined.

Missing character: There is no æ‹” in font nullfont!
Missing character: There is no ã¬ in font nullfont!
Missing character: There is no ã‘ in font nullfont!
Missing character: There is no ã‚‹ in font nullfont!
Missing character: There is no ã€€ in font nullfont!
Missing character: There is no F in font nullfont!
Missing character: There is no r in font nullfont!
Missing character: There is no e in font nullfont!
Missing character: There is no e in font nullfont!
Missing character: There is no w in font nullfont!
Missing character: There is no a in font nullfont!
Missing character: There is no y in font nullfont!

Overfull \hbox (20.0pt too wide) in paragraph at lines 11--12
[] 
 []


! LaTeX Error: Missing \begin{document}.

See the LaTeX manual or LaTeX Companion for explanation.
Type  H <return>  for immediate help.
 ...                                              
                                                  
l.13 ã“
        ã®\ruby{æ€}{ãŠã‚‚}ã„ã€€To be your slave
You're in trouble here.  Try typing  <return>  to proceed.
If that doesn't work, type  X <return>  to quit.

Missing character: There is no ã“ in font nullfont!
Missing character: There is no ã® in font nullfont!
! Undefined control sequence.
l.13 ã“ã®\ruby
                {æ€}{ãŠã‚‚}ã„ã€€To be your slave
The control sequence at the end of the top line
of your error message was never \def'ed. If you have
misspelled it (e.g., `\hobx'), type `I' and the correct
spelling (e.g., `I\hbox'). Otherwise just continue,
and I'll forget about whatever was undefined.

Missing character: There is no æ€ in font nullfont!
Missing character: There is no ãŠ in font nullfont!
Missing character: There is no ã‚‚ in font nullfont!
Missing character: There is no ã„ in font nullfont!
Missing character: There is no ã€€ in font nullfont!
Missing character: There is no T in font nullfont!
Missing character: There is no o in font nullfont!
Missing character: There is no b in font nullfont!
Missing character: There is no e in font nullfont!
Missing character: There is no y in font nullfont!
Missing character: There is no o in font nullfont!
Missing character: There is no u in font nullfont!
Missing character: There is no r in font nullfont!
Missing character: There is no s in font nullfont!
Missing character: There is no l in font nullfont!
Missing character: There is no a in font nullfont!
Missing character: There is no v in font nullfont!
Missing character: There is no e in font nullfont!

Overfull \hbox (20.0pt too wide) in paragraph at lines 13--14
[]
 []


! LaTeX Error: Missing \begin{document}.

See the LaTeX manual or LaTeX Companion for explanation.
Type  H <return>  for immediate help.
 ...                                              
                                                  
l.15 O
      h, you, crazy rainy night, no one care
You're in trouble here.  Try typing  <return>  to proceed.
If that doesn't work, type  X <return>  to quit.

Missing character: There is no O in font nullfont!
Missing character: There is no h in font nullfont!
Missing character: There is no , in font nullfont!
Missing character: There is no y in font nullfont!
Missing character: There is no o in font nullfont!
Missing character: There is no u in font nullfont!
Missing character: There is no , in font nullfont!
Missing character: There is no c in font nullfont!
Missing character: There is no r in font nullfont!
Missing character: There is no a in font nullfont!
Missing character: There is no z in font nullfont!
Missing character: There is no y in font nullfont!
Missing character: There is no r in font nullfont!
Missing character: There is no a in font nullfont!
Missing character: There is no i in font nullfont!
Missing character: There is no n in font nullfont!
Missing character: There is no y in font nullfont!
Missing character: There is no n in font nullfont!
Missing character: There is no i in font nullfont!
Missing character: There is no g in font nullfont!
Missing character: There is no h in font nullfont!
Missing character: There is no t in font nullfont!
Missing character: There is no , in font nullfont!
Missing character: There is no n in font nullfont!
Missing character: There is no o in font nullfont!
Missing character: There is no o in font nullfont!
Missing character: There is no n in font nullfont!
Missing character: There is no e in font nullfont!
Missing character: There is no c in font nullfont!
Missing character: There is no a in font nullfont!
Missing character: There is no r in font nullfont!
Missing character: There is no e in font nullfont!

Overfull \hbox (20.0pt too wide) in paragraph at lines 15--16
[]
 []

! Undefined control sequence.
l.17 \ruby
          {ç´ ç›´}{ã™ãªãŠ}ã«ãªã‚Œã€€Nightã€€\ruby{æ¿¡}{ã¬}ã‚ŒãŸã€€Mem...
The control sequence at the end of the top line
of your error message was never \def'ed. If you have
misspelled it (e.g., `\hobx'), type `I' and the correct
spelling (e.g., `I\hbox'). Otherwise just continue,
and I'll forget about whatever was undefined.


! LaTeX Error: Missing \begin{document}.

See the LaTeX manual or LaTeX Companion for explanation.
Type  H <return>  for immediate help.
 ...                                              
                                                  
l.17 \ruby{ç´ 
              ç›´}{ã™ãªãŠ}ã«ãªã‚Œã€€Nightã€€\ruby{æ¿¡}{ã¬}ã‚ŒãŸã€€Mem...

You're in trouble here.  Try typing  <return>  to proceed.
If that doesn't work, type  X <return>  to quit.

Missing character: There is no ç´  in font nullfont!
Missing character: There is no ç›´ in font nullfont!
Missing character: There is no ã™ in font nullfont!
Missing character: There is no ãª in font nullfont!
Missing character: There is no ãŠ in font nullfont!
Missing character: There is no ã« in font nullfont!
Missing character: There is no ãª in font nullfont!
Missing character: There is no ã‚Œ in font nullfont!
Missing character: There is no ã€€ in font nullfont!
Missing character: There is no N in font nullfont!
Missing character: There is no i in font nullfont!
Missing character: There is no g in font nullfont!
Missing character: There is no h in font nullfont!
Missing character: There is no t in font nullfont!
Missing character: There is no ã€€ in font nullfont!
! Undefined control sequence.
l.17 ...´ ç›´}{ã™ãªãŠ}ã«ãªã‚Œã€€Nightã€€\ruby
                                                  {æ¿¡}{ã¬}ã‚ŒãŸã€€Memories
The control sequence at the end of the top line
of your error message was never \def'ed. If you have
misspelled it (e.g., `\hobx'), type `I' and the correct
spelling (e.g., `I\hbox'). Otherwise just continue,
and I'll forget about whatever was undefined.

Missing character: There is no æ¿¡ in font nullfont!
Missing character: There is no ã¬ in font nullfont!
Missing character: There is no ã‚Œ in font nullfont!
Missing character: There is no ãŸ in font nullfont!
Missing character: There is no ã€€ in font nullfont!
Missing character: There is no M in font nullfont!
Missing character: There is no e in font nullfont!
Missing character: There is no m in font nullfont!
Missing character: There is no o in font nullfont!
Missing character: There is no r in font nullfont!
Missing character: There is no i in font nullfont!
Missing character: There is no e in font nullfont!
Missing character: There is no s in font nullfont!

Overfull \hbox (20.0pt too wide) in paragraph at lines 17--19
[] 
 []


! LaTeX Error: Missing \begin{document}.

See the LaTeX manual or LaTeX Companion for explanation.
Type  H <return>  for immediate help.
 ...                                              
                                                  
l.20 ã“
        ã‚“ãªã«ã‚‚ã€€For you
You're in trouble here.  Try typing  <return>  to proceed.
If that doesn't work, type  X <return>  to quit.

Missing character: There is no ã“ in font nullfont!
Missing character: There is no ã‚“ in font nullfont!
Missing character: There is no ãª in font nullfont!
Missing character: There is no ã« in font nullfont!
Missing character: There is no ã‚‚ in font nullfont!
Missing character: There is no ã€€ in font nullfont!
Missing character: There is no F in font nullfont!
Missing character: There is no o in font nullfont!
Missing character: There is no r in font nullfont!
Missing character: There is no y in font nullfont!
Missing character: There is no o in font nullfont!
Missing character: There is no u in font nullfont!

Overfull \hbox (20.0pt too wide) in paragraph at lines 20--21
[]
 []

! Undefined control sequence.
l.22 \ruby
          {æ„Ÿ}{ã‹ã‚“}ã˜ã¦ã‚‹ã€€But you're so cold
The control sequence at the end of the top line
of your error message was never \def'ed. If you have
misspelled it (e.g., `\hobx'), type `I' and the correct
spelling (e.g., `I\hbox'). Otherwise just continue,
and I'll forget about whatever was undefined.


! LaTeX Error: Missing \begin{document}.

See the LaTeX manual or LaTeX Companion for explanation.
Type  H <return>  for immediate help.
 ...                                              
                                                  
l.22 \ruby{æ„Ÿ
              }{ã‹ã‚“}ã˜ã¦ã‚‹ã€€But you're so cold
You're in trouble here.  Try typing  <return>  to proceed.
If that doesn't work, type  X <return>  to quit.

Missing character: There is no æ„Ÿ in font nullfont!
Missing character: There is no ã‹ in font nullfont!
Missing character: There is no ã‚“ in font nullfont!
Missing character: There is no ã˜ in font nullfont!
Missing character: There is no ã¦ in font nullfont!
Missing character: There is no ã‚‹ in font nullfont!
Missing character: There is no ã€€ in font nullfont!
Missing character: There is no B in font nullfont!
Missing character: There is no u in font nullfont!
Missing character: There is no t in font nullfont!
Missing character: There is no y in font nullfont!
Missing character: There is no o in font nullfont!
Missing character: There is no u in font nullfont!
Missing character: There is no ' in font nullfont!
Missing character: There is no r in font nullfont!
Missing character: There is no e in font nullfont!
Missing character: There is no s in font nullfont!
Missing character: There is no o in font nullfont!
Missing character: There is no c in font nullfont!
Missing character: There is no o in font nullfont!
Missing character: There is no l in font nullfont!
Missing character: There is no d in font nullfont!

Overfull \hbox (20.0pt too wide) in paragraph at lines 22--23
[]
 []


! LaTeX Error: Missing \begin{document}.

See the LaTeX manual or LaTeX Companion for explanation.
Type  H <return>  for immediate help.
 ...                                              
                                                  
l.24 O
      h! Tonight and everynight, you'd be mine
You're in trouble here.  Try typing  <return>  to proceed.
If that doesn't work, type  X <return>  to quit.

Missing character: There is no O in font nullfont!
Missing character: There is no h in font nullfont!
Missing character: There is no ! in font nullfont!
Missing character: There is no T in font nullfont!
Missing character: There is no o in font nullfont!
Missing character: There is no n in font nullfont!
Missing character: There is no i in font nullfont!
Missing character: There is no g in font nullfont!
Missing character: There is no h in font nullfont!
Missing character: There is no t in font nullfont!
Missing character: There is no a in font nullfont!
Missing character: There is no n in font nullfont!
Missing character: There is no d in font nullfont!
Missing character: There is no e in font nullfont!
Missing character: There is no v in font nullfont!
Missing character: There is no e in font nullfont!
Missing character: There is no r in font nullfont!
Missing character: There is no y in font nullfont!
Missing character: There is no n in font nullfont!
Missing character: There is no i in font nullfont!
Missing character: There is no g in font nullfont!
Missing character: There is no h in font nullfont!
Missing character: There is no t in font nullfont!
Missing character: There is no , in font nullfont!
Missing character: There is no y in font nullfont!
Missing character: There is no o in font nullfont!
Missing character: There is no u in font nullfont!
Missing character: There is no ' in font nullfont!
Missing character: There is no d in font nullfont!
Missing character: There is no b in font nullfont!
Missing character: There is no e in font nullfont!
Missing character: There is no m in font nullfont!
Missing character: There is no i in font nullfont!
Missing character: There is no n in font nullfont!
Missing character: There is no e in font nullfont!

Overfull \hbox (20.0pt too wide) in paragraph at lines 24--25
[]
 []

! Undefined control sequence.
l.26 \ruby
          {ç›®ç§»}{ã‚ã†ã¤}ã‚Š\ruby{æ°—}{ã}ã«ãªã‚‹
The control sequence at the end of the top line
of your error message was never \def'ed. If you have
misspelled it (e.g., `\hobx'), type `I' and the correct
spelling (e.g., `I\hbox'). Otherwise just continue,
and I'll forget about whatever was undefined.


! LaTeX Error: Missing \begin{document}.

See the LaTeX manual or LaTeX Companion for explanation.
Type  H <return>  for immediate help.
 ...                                              
                                                  
l.26 \ruby{ç›®
              ç§»}{ã‚ã†ã¤}ã‚Š\ruby{æ°—}{ã}ã«ãªã‚‹
You're in trouble here.  Try typing  <return>  to proceed.
If that doesn't work, type  X <return>  to quit.

Missing character: There is no ç›® in font nullfont!
Missing character: There is no ç§» in font nullfont!
Missing character: There is no ã‚ in font nullfont!
Missing character: There is no ã† in font nullfont!
Missing character: There is no ã¤ in font nullfont!
Missing character: There is no ã‚Š in font nullfont!
! Undefined control sequence.
l.26 \ruby{ç›®ç§»}{ã‚ã†ã¤}ã‚Š\ruby
                                     {æ°—}{ã}ã«ãªã‚‹
The control sequence at the end of the top line
of your error message was never \def'ed. If you have
misspelled it (e.g., `\hobx'), type `I' and the correct
spelling (e.g., `I\hbox'). Otherwise just continue,
and I'll forget about whatever was undefined.

Missing character: There is no æ°— in font nullfont!
Missing character: There is no ã in font nullfont!
Missing character: There is no ã« in font nullfont!
Missing character: There is no ãª in font nullfont!
Missing character: There is no ã‚‹ in font nullfont!

Overfull \hbox (20.0pt too wide) in paragraph at lines 26--27
[] 
 []

! Undefined control sequence.
l.28 \ruby
          {æ‹}{ã“ã„}ã®\ruby{é§†}{ã‹}ã‘\ruby{å¼•}{ã²}ã
The control sequence at the end of the top line
of your error message was never \def'ed. If you have
misspelled it (e.g., `\hobx'), type `I' and the correct
spelling (e.g., `I\hbox'). Otherwise just continue,
and I'll forget about whatever was undefined.


! LaTeX Error: Missing \begin{document}.

See the LaTeX manual or LaTeX Companion for explanation.
Type  H <return>  for immediate help.
 ...                                              
                                                  
l.28 \ruby{æ‹
              }{ã“ã„}ã®\ruby{é§†}{ã‹}ã‘\ruby{å¼•}{ã²}ã
You're in trouble here.  Try typing  <return>  to proceed.
If that doesn't work, type  X <return>  to quit.

Missing character: There is no æ‹ in font nullfont!
Missing character: There is no ã“ in font nullfont!
Missing character: There is no ã„ in font nullfont!
Missing character: There is no ã® in font nullfont!
! Undefined control sequence.
l.28 \ruby{æ‹}{ã“ã„}ã®\ruby
                               {é§†}{ã‹}ã‘\ruby{å¼•}{ã²}ã
The control sequence at the end of the top line
of your error message was never \def'ed. If you have
misspelled it (e.g., `\hobx'), type `I' and the correct
spelling (e.g., `I\hbox'). Otherwise just continue,
and I'll forget about whatever was undefined.

Missing character: There is no é§† in font nullfont!
Missing character: There is no ã‹ in font nullfont!
Missing character: There is no ã‘ in font nullfont!
! Undefined control sequence.
l.28 \ruby{æ‹}{ã“ã„}ã®\ruby{é§†}{ã‹}ã‘\ruby
                                                 {å¼•}{ã²}ã
The control sequence at the end of the top line
of your error message was never \def'ed. If you have
misspelled it (e.g., `\hobx'), type `I' and the correct
spelling (e.g., `I\hbox'). Otherwise just continue,
and I'll forget about whatever was undefined.

Missing character: There is no å¼• in font nullfont!
Missing character: There is no ã² in font nullfont!
Missing character: There is no ã in font nullfont!

Overfull \hbox (20.0pt too wide) in paragraph at lines 28--30
[] 
 []

! Undefined control sequence.
l.31 \ruby
          {æ„›}{ã‚ã„}ã¯\ruby{æ‰‹æ¢}{ã¦ã•ã}ã‚Š
The control sequence at the end of the top line
of your error message was never \def'ed. If you have
misspelled it (e.g., `\hobx'), type `I' and the correct
spelling (e.g., `I\hbox'). Otherwise just continue,
and I'll forget about whatever was undefined.


! LaTeX Error: Missing \begin{document}.

See the LaTeX manual or LaTeX Companion for explanation.
Type  H <return>  for immediate help.
 ...                                              
                                                  
l.31 \ruby{æ„›
              }{ã‚ã„}ã¯\ruby{æ‰‹æ¢}{ã¦ã•ã}ã‚Š
You're in trouble here.  Try typing  <return>  to proceed.
If that doesn't work, type  X <return>  to quit.

Missing character: There is no æ„› in font nullfont!
Missing character: There is no ã‚ in font nullfont!
Missing character: There is no ã„ in font nullfont!
Missing character: There is no ã¯ in font nullfont!
! Undefined control sequence.
l.31 \ruby{æ„›}{ã‚ã„}ã¯\ruby
                               {æ‰‹æ¢}{ã¦ã•ã}ã‚Š
The control sequence at the end of the top line
of your error message was never \def'ed. If you have
misspelled it (e.g., `\hobx'), type `I' and the correct
spelling (e.g., `I\hbox'). Otherwise just continue,
and I'll forget about whatever was undefined.

Missing character: There is no æ‰‹ in font nullfont!
Missing character: There is no æ¢ in font nullfont!
Missing character: There is no ã¦ in font nullfont!
Missing character: There is no ã• in font nullfont!
Missing character: There is no ã in font nullfont!
Missing character: There is no ã‚Š in font nullfont!

Overfull \hbox (20.0pt too wide) in paragraph at lines 31--32
[] 
 []

! Undefined control sequence.
l.33 \ruby
          {æš—é—‡}{ãã‚‰ã‚„ã¿}ã®\ruby{ä¸­}{ãªã‹}ã§
The control sequence at the end of the top line
of your error message was never \def'ed. If you have
misspelled it (e.g., `\hobx'), type `I' and the correct
spelling (e.g., `I\hbox'). Otherwise just continue,
and I'll forget about whatever was undefined.


! LaTeX Error: Missing \begin{document}.

See the LaTeX manual or LaTeX Companion for explanation.
Type  H <return>  for immediate help.
 ...                                              
                                                  
l.33 \ruby{æš—
              é—‡}{ãã‚‰ã‚„ã¿}ã®\ruby{ä¸­}{ãªã‹}ã§
You're in trouble here.  Try typing  <return>  to proceed.
If that doesn't work, type  X <return>  to quit.

Missing character: There is no æš— in font nullfont!
Missing character: There is no é—‡ in font nullfont!
Missing character: There is no ã in font nullfont!
Missing character: There is no ã‚‰ in font nullfont!
Missing character: There is no ã‚„ in font nullfont!
Missing character: There is no ã¿ in font nullfont!
Missing character: There is no ã® in font nullfont!
! Undefined control sequence.
l.33 \ruby{æš—é—‡}{ãã‚‰ã‚„ã¿}ã®\ruby
                                        {ä¸­}{ãªã‹}ã§
The control sequence at the end of the top line
of your error message was never \def'ed. If you have
misspelled it (e.g., `\hobx'), type `I' and the correct
spelling (e.g., `I\hbox'). Otherwise just continue,
and I'll forget about whatever was undefined.

Missing character: There is no ä¸­ in font nullfont!
Missing character: There is no ãª in font nullfont!
Missing character: There is no ã‹ in font nullfont!
Missing character: There is no ã§ in font nullfont!

Overfull \hbox (20.0pt too wide) in paragraph at lines 33--34
[] 
 []

! Undefined control sequence.
l.35 \ruby
          {è¸Š}{ãŠã©}ã‚‹ã€€It's gonna be a great night, yeahï½
The control sequence at the end of the top line
of your error message was never \def'ed. If you have
misspelled it (e.g., `\hobx'), type `I' and the correct
spelling (e.g., `I\hbox'). Otherwise just continue,
and I'll forget about whatever was undefined.


! LaTeX Error: Missing \begin{document}.

See the LaTeX manual or LaTeX Companion for explanation.
Type  H <return>  for immediate help.
 ...                                              
                                                  
l.35 \ruby{è¸Š
              }{ãŠã©}ã‚‹ã€€It's gonna be a great night, yeahï½
You're in trouble here.  Try typing  <return>  to proceed.
If that doesn't work, type  X <return>  to quit.

Missing character: There is no è¸Š in font nullfont!
Missing character: There is no ãŠ in font nullfont!
Missing character: There is no ã© in font nullfont!
Missing character: There is no ã‚‹ in font nullfont!
Missing character: There is no ã€€ in font nullfont!
Missing character: There is no I in font nullfont!
Missing character: There is no t in font nullfont!
Missing character: There is no ' in font nullfont!
Missing character: There is no s in font nullfont!
Missing character: There is no g in font nullfont!
Missing character: There is no o in font nullfont!
Missing character: There is no n in font nullfont!
Missing character: There is no n in font nullfont!
Missing character: There is no a in font nullfont!
Missing character: There is no b in font nullfont!
Missing character: There is no e in font nullfont!
Missing character: There is no a in font nullfont!
Missing character: There is no g in font nullfont!
Missing character: There is no r in font nullfont!
Missing character: There is no e in font nullfont!
Missing character: There is no a in font nullfont!
Missing character: There is no t in font nullfont!
Missing character: There is no n in font nullfont!
Missing character: There is no i in font nullfont!
Missing character: There is no g in font nullfont!
Missing character: There is no h in font nullfont!
Missing character: There is no t in font nullfont!
Missing character: There is no , in font nullfont!
Missing character: There is no y in font nullfont!
Missing character: There is no e in font nullfont!
Missing character: There is no a in font nullfont!
Missing character: There is no h in font nullfont!
Missing character: There is no ï½ in font nullfont!

Overfull \hbox (20.0pt too wide) in paragraph at lines 35--36
[]
 []

! Undefined control sequence.
l.37 \ruby
          {æ„›}{ã‚ã„}ã¯\ruby{æ°—}{ã}ã¾ãã‚Œã€€\ruby{Beat}{ãƒ“ãƒ¼ãƒˆ}ã...
The control sequence at the end of the top line
of your error message was never \def'ed. If you have
misspelled it (e.g., `\hobx'), type `I' and the correct
spelling (e.g., `I\hbox'). Otherwise just continue,
and I'll forget about whatever was undefined.


! LaTeX Error: Missing \begin{document}.

See the LaTeX manual or LaTeX Companion for explanation.
Type  H <return>  for immediate help.
 ...                                              
                                                  
l.37 \ruby{æ„›
              }{ã‚ã„}ã¯\ruby{æ°—}{ã}ã¾ãã‚Œã€€\ruby{Beat}{ãƒ“ãƒ¼ãƒˆ}ã...

You're in trouble here.  Try typing  <return>  to proceed.
If that doesn't work, type  X <return>  to quit.

Missing character: There is no æ„› in font nullfont!
Missing character: There is no ã‚ in font nullfont!
Missing character: There is no ã„ in font nullfont!
Missing character: There is no ã¯ in font nullfont!
! Undefined control sequence.
l.37 \ruby{æ„›}{ã‚ã„}ã¯\ruby
                               {æ°—}{ã}ã¾ãã‚Œã€€\ruby{Beat}{ãƒ“ãƒ¼ãƒˆ}ã...
The control sequence at the end of the top line
of your error message was never \def'ed. If you have
misspelled it (e.g., `\hobx'), type `I' and the correct
spelling (e.g., `I\hbox'). Otherwise just continue,
and I'll forget about whatever was undefined.

Missing character: There is no æ°— in font nullfont!
Missing character: There is no ã in font nullfont!
Missing character: There is no ã¾ in font nullfont!
Missing character: There is no ã in font nullfont!
Missing character: There is no ã‚Œ in font nullfont!
Missing character: There is no ã€€ in font nullfont!
! Undefined control sequence.
l.37 ...ã‚ã„}ã¯\ruby{æ°—}{ã}ã¾ãã‚Œã€€\ruby
                                                  {Beat}{ãƒ“ãƒ¼ãƒˆ}ã«\ruby{...
The control sequence at the end of the top line
of your error message was never \def'ed. If you have
misspelled it (e.g., `\hobx'), type `I' and the correct
spelling (e.g., `I\hbox'). Otherwise just continue,
and I'll forget about whatever was undefined.

Missing character: There is no B in font nullfont!
Missing character: There is no e in font nullfont!
Missing character: There is no a in font nullfont!
Missing character: There is no t in font nullfont!
Missing character: There is no ãƒ“ in font nullfont!
Missing character: There is no ãƒ¼ in font nullfont!
Missing character: There is no ãƒˆ in font nullfont!
Missing character: There is no ã« in font nullfont!
! Undefined control sequence.
l.37 ...ã¾ãã‚Œã€€\ruby{Beat}{ãƒ“ãƒ¼ãƒˆ}ã«\ruby
                                                  {æŠ±}{ã }ã‹ã‚Œ
The control sequence at the end of the top line
of your error message was never \def'ed. If you have
misspelled it (e.g., `\hobx'), type `I' and the correct
spelling (e.g., `I\hbox'). Otherwise just continue,
and I'll forget about whatever was undefined.

Missing character: There is no æŠ± in font nullfont!
Missing character: There is no ã  in font nullfont!
Missing character: There is no ã‹ in font nullfont!
Missing character: There is no ã‚Œ in font nullfont!

Overfull \hbox (20.0pt too wide) in paragraph at lines 37--38
[] 
 []

! Undefined control sequence.
l.39 \ruby
          {è¦‹}{ã¿}ã¤ã‚ã¦ã€€In your eyes. oh yeahï½
The control sequence at the end of the top line
of your error message was never \def'ed. If you have
misspelled it (e.g., `\hobx'), type `I' and the correct
spelling (e.g., `I\hbox'). Otherwise just continue,
and I'll forget about whatever was undefined.


! LaTeX Error: Missing \begin{document}.

See the LaTeX manual or LaTeX Companion for explanation.
Type  H <return>  for immediate help.
 ...                                              
                                                  
l.39 \ruby{è¦‹
              }{ã¿}ã¤ã‚ã¦ã€€In your eyes. oh yeahï½
You're in trouble here.  Try typing  <return>  to proceed.
If that doesn't work, type  X <return>  to quit.

Missing character: There is no è¦‹ in font nullfont!
Missing character: There is no ã¿ in font nullfont!
Missing character: There is no ã¤ in font nullfont!
Missing character: There is no ã‚ in font nullfont!
Missing character: There is no ã¦ in font nullfont!
Missing character: There is no ã€€ in font nullfont!
Missing character: There is no I in font nullfont!
Missing character: There is no n in font nullfont!
Missing character: There is no y in font nullfont!
Missing character: There is no o in font nullfont!
Missing character: There is no u in font nullfont!
Missing character: There is no r in font nullfont!
Missing character: There is no e in font nullfont!
Missing character: There is no y in font nullfont!
Missing character: There is no e in font nullfont!
Missing character: There is no s in font nullfont!
Missing character: There is no . in font nullfont!
Missing character: There is no o in font nullfont!
Missing character: There is no h in font nullfont!
Missing character: There is no y in font nullfont!
Missing character: There is no e in font nullfont!
Missing character: There is no a in font nullfont!
Missing character: There is no h in font nullfont!
Missing character: There is no ï½ in font nullfont!

Overfull \hbox (20.0pt too wide) in paragraph at lines 39--41
[]
 []

! Undefined control sequence.
l.42 \ruby
          {å¤œæ˜}{ã‚ˆã‚}ã‘ã®ã€€Highway
The control sequence at the end of the top line
of your error message was never \def'ed. If you have
misspelled it (e.g., `\hobx'), type `I' and the correct
spelling (e.g., `I\hbox'). Otherwise just continue,
and I'll forget about whatever was undefined.


! LaTeX Error: Missing \begin{document}.

See the LaTeX manual or LaTeX Companion for explanation.
Type  H <return>  for immediate help.
 ...                                              
                                                  
l.42 \ruby{å¤œ
              æ˜}{ã‚ˆã‚}ã‘ã®ã€€Highway
You're in trouble here.  Try typing  <return>  to proceed.
If that doesn't work, type  X <return>  to quit.

Missing character: There is no å¤œ in font nullfont!
Missing character: There is no æ˜ in font nullfont!
Missing character: There is no ã‚ˆ in font nullfont!
Missing character: There is no ã‚ in font nullfont!
Missing character: There is no ã‘ in font nullfont!
Missing character: There is no ã® in font nullfont!
Missing character: There is no ã€€ in font nullfont!
Missing character: There is no H in font nullfont!
Missing character: There is no i in font nullfont!
Missing character: There is no g in font nullfont!
Missing character: There is no h in font nullfont!
Missing character: There is no w in font nullfont!
Missing character: There is no a in font nullfont!
Missing character: There is no y in font nullfont!

Overfull \hbox (20.0pt too wide) in paragraph at lines 42--43
[] 
 []


! LaTeX Error: Missing \begin{document}.

See the LaTeX manual or LaTeX Companion for explanation.
Type  H <return>  for immediate help.
 ...                                              
                                                  
l.44 ã¤
        ã¶ã‚„ã„ãŸã€€To change your mind
You're in trouble here.  Try typing  <return>  to proceed.
If that doesn't work, type  X <return>  to quit.

Missing character: There is no ã¤ in font nullfont!
Missing character: There is no ã¶ in font nullfont!
Missing character: There is no ã‚„ in font nullfont!
Missing character: There is no ã„ in font nullfont!
Missing character: There is no ãŸ in font nullfont!
Missing character: There is no ã€€ in font nullfont!
Missing character: There is no T in font nullfont!
Missing character: There is no o in font nullfont!
Missing character: There is no c in font nullfont!
Missing character: There is no h in font nullfont!
Missing character: There is no a in font nullfont!
Missing character: There is no n in font nullfont!
Missing character: There is no g in font nullfont!
Missing character: There is no e in font nullfont!
Missing character: There is no y in font nullfont!
Missing character: There is no o in font nullfont!
Missing character: There is no u in font nullfont!
Missing character: There is no r in font nullfont!
Missing character: There is no m in font nullfont!
Missing character: There is no i in font nullfont!
Missing character: There is no n in font nullfont!
Missing character: There is no d in font nullfont!

Overfull \hbox (20.0pt too wide) in paragraph at lines 44--45
[]
 []

! Undefined control sequence.
l.46 \ruby
          {æ™‚}{ã¨ã}ã¯\ruby{äºº}{ã²ã¨}ã®\ruby{æ°—æŒ}{ãã‚‚}ã¡ã‚ˆã‚...
The control sequence at the end of the top line
of your error message was never \def'ed. If you have
misspelled it (e.g., `\hobx'), type `I' and the correct
spelling (e.g., `I\hbox'). Otherwise just continue,
and I'll forget about whatever was undefined.


! LaTeX Error: Missing \begin{document}.

See the LaTeX manual or LaTeX Companion for explanation.
Type  H <return>  for immediate help.
 ...                                              
                                                  
l.46 \ruby{æ™‚
              }{ã¨ã}ã¯\ruby{äºº}{ã²ã¨}ã®\ruby{æ°—æŒ}{ãã‚‚}ã¡ã‚ˆã‚...

You're in trouble here.  Try typing  <return>  to proceed.
If that doesn't work, type  X <return>  to quit.

Missing character: There is no æ™‚ in font nullfont!
Missing character: There is no ã¨ in font nullfont!
Missing character: There is no ã in font nullfont!
Missing character: There is no ã¯ in font nullfont!
! Undefined control sequence.
l.46 \ruby{æ™‚}{ã¨ã}ã¯\ruby
                               {äºº}{ã²ã¨}ã®\ruby{æ°—æŒ}{ãã‚‚}ã¡ã‚ˆã‚...
The control sequence at the end of the top line
of your error message was never \def'ed. If you have
misspelled it (e.g., `\hobx'), type `I' and the correct
spelling (e.g., `I\hbox'). Otherwise just continue,
and I'll forget about whatever was undefined.

Missing character: There is no äºº in font nullfont!
Missing character: There is no ã² in font nullfont!
Missing character: There is no ã¨ in font nullfont!
Missing character: There is no ã® in font nullfont!
! Undefined control sequence.
l.46 ...{æ™‚}{ã¨ã}ã¯\ruby{äºº}{ã²ã¨}ã®\ruby
                                                  {æ°—æŒ}{ãã‚‚}ã¡ã‚ˆã‚Š\...
The control sequence at the end of the top line
of your error message was never \def'ed. If you have
misspelled it (e.g., `\hobx'), type `I' and the correct
spelling (e.g., `I\hbox'). Otherwise just continue,
and I'll forget about whatever was undefined.

Missing character: There is no æ°— in font nullfont!
Missing character: There is no æŒ in font nullfont!
Missing character: There is no ã in font nullfont!
Missing character: There is no ã‚‚ in font nullfont!
Missing character: There is no ã¡ in font nullfont!
Missing character: There is no ã‚ˆ in font nullfont!
Missing character: There is no ã‚Š in font nullfont!
! Undefined control sequence.
l.46 ...ã¨}ã®\ruby{æ°—æŒ}{ãã‚‚}ã¡ã‚ˆã‚Š\ruby
                                                  {é€Ÿ}{ã¯ã‚„}ã\ruby{é}...
The control sequence at the end of the top line
of your error message was never \def'ed. If you have
misspelled it (e.g., `\hobx'), type `I' and the correct
spelling (e.g., `I\hbox'). Otherwise just continue,
and I'll forget about whatever was undefined.

Missing character: There is no é€Ÿ in font nullfont!
Missing character: There is no ã¯ in font nullfont!
Missing character: There is no ã‚„ in font nullfont!
Missing character: There is no ã in font nullfont!
! Undefined control sequence.
l.46 ...ãã‚‚}ã¡ã‚ˆã‚Š\ruby{é€Ÿ}{ã¯ã‚„}ã\ruby
                                                  {é}{ã™}ãã‚‹
The control sequence at the end of the top line
of your error message was never \def'ed. If you have
misspelled it (e.g., `\hobx'), type `I' and the correct
spelling (e.g., `I\hbox'). Otherwise just continue,
and I'll forget about whatever was undefined.

Missing character: There is no é in font nullfont!
Missing character: There is no ã™ in font nullfont!
Missing character: There is no ã in font nullfont!
Missing character: There is no ã‚‹ in font nullfont!

Overfull \hbox (20.0pt too wide) in paragraph at lines 46--47
[] 
 []

! Undefined control sequence.
l.48 \ruby
          {æ—¥}{ã«ã˜}ã‚ˆã†\ruby{æ—¥}{ã«ã˜}ã¯\ruby{å½¼å¥³}{ã‹ã®ã˜ã‚‡...
The control sequence at the end of the top line
of your error message was never \def'ed. If you have
misspelled it (e.g., `\hobx'), type `I' and the correct
spelling (e.g., `I\hbox'). Otherwise just continue,
and I'll forget about whatever was undefined.


! LaTeX Error: Missing \begin{document}.

See the LaTeX manual or LaTeX Companion for explanation.
Type  H <return>  for immediate help.
 ...                                              
                                                  
l.48 \ruby{æ—¥
              }{ã«ã˜}ã‚ˆã†\ruby{æ—¥}{ã«ã˜}ã¯\ruby{å½¼å¥³}{ã‹ã®ã˜ã‚‡...

You're in trouble here.  Try typing  <return>  to proceed.
If that doesn't work, type  X <return>  to quit.

Missing character: There is no æ—¥ in font nullfont!
Missing character: There is no ã« in font nullfont!
Missing character: There is no ã˜ in font nullfont!
Missing character: There is no ã‚ˆ in font nullfont!
Missing character: There is no ã† in font nullfont!
! Undefined control sequence.
l.48 \ruby{æ—¥}{ã«ã˜}ã‚ˆã†\ruby
                                  {æ—¥}{ã«ã˜}ã¯\ruby{å½¼å¥³}{ã‹ã®ã˜ã‚‡...
The control sequence at the end of the top line
of your error message was never \def'ed. If you have
misspelled it (e.g., `\hobx'), type `I' and the correct
spelling (e.g., `I\hbox'). Otherwise just continue,
and I'll forget about whatever was undefined.

Missing character: There is no æ—¥ in font nullfont!
Missing character: There is no ã« in font nullfont!
Missing character: There is no ã˜ in font nullfont!
Missing character: There is no ã¯ in font nullfont!
! Undefined control sequence.
l.48 ...¥}{ã«ã˜}ã‚ˆã†\ruby{æ—¥}{ã«ã˜}ã¯\ruby
                                                  {å½¼å¥³}{ã‹ã®ã˜ã‚‡}ã«ã...
The control sequence at the end of the top line
of your error message was never \def'ed. If you have
misspelled it (e.g., `\hobx'), type `I' and the correct
spelling (e.g., `I\hbox'). Otherwise just continue,
and I'll forget about whatever was undefined.

Missing character: There is no å½¼ in font nullfont!
Missing character: There is no å¥³ in font nullfont!
Missing character: There is no ã‹ in font nullfont!
Missing character: There is no ã® in font nullfont!
Missing character: There is no ã˜ in font nullfont!
Missing character: There is no ã‚‡ in font nullfont!
Missing character: There is no ã« in font nullfont!
Missing character: There is no ã‚ in font nullfont!
Missing character: There is no ã’ in font nullfont!
Missing character: There is no ã‚‹ in font nullfont!

Overfull \hbox (20.0pt too wide) in paragraph at lines 48--50
[] 
 []


! LaTeX Error: Missing \begin{document}.

See the LaTeX manual or LaTeX Companion for explanation.
Type  H <return>  for immediate help.
 ...                                              
                                                  
l.51 ã“
        ã®ã¾ã¾\ruby{æ¥}{ã„}ãªã„ã®ã‹ã¨
You're in trouble here.  Try typing  <return>  to proceed.
If that doesn't work, type  X <return>  to quit.

Missing character: There is no ã“ in font nullfont!
Missing character: There is no ã® in font nullfont!
Missing character: There is no ã¾ in font nullfont!
Missing character: There is no ã¾ in font nullfont!
! Undefined control sequence.
l.51 ã“ã®ã¾ã¾\ruby
                      {æ¥}{ã„}ãªã„ã®ã‹ã¨
The control sequence at the end of the top line
of your error message was never \def'ed. If you have
misspelled it (e.g., `\hobx'), type `I' and the correct
spelling (e.g., `I\hbox'). Otherwise just continue,
and I'll forget about whatever was undefined.

Missing character: There is no æ¥ in font nullfont!
Missing character: There is no ã„ in font nullfont!
Missing character: There is no ãª in font nullfont!
Missing character: There is no ã„ in font nullfont!
Missing character: There is no ã® in font nullfont!
Missing character: There is no ã‹ in font nullfont!
Missing character: There is no ã¨ in font nullfont!

Overfull \hbox (20.0pt too wide) in paragraph at lines 51--52
[] 
 []

! Undefined control sequence.
l.53 \ruby
          {ç”Ÿ}{ã„}ãã¦ã„ã‚‹ã‹ãã‚Š \ruby{æœ}{ã‚ã•}ãŒ\ruby{æ¥}{ã...
The control sequence at the end of the top line
of your error message was never \def'ed. If you have
misspelled it (e.g., `\hobx'), type `I' and the correct
spelling (e.g., `I\hbox'). Otherwise just continue,
and I'll forget about whatever was undefined.


! LaTeX Error: Missing \begin{document}.

See the LaTeX manual or LaTeX Companion for explanation.
Type  H <return>  for immediate help.
 ...                                              
                                                  
l.53 \ruby{ç”Ÿ
              }{ã„}ãã¦ã„ã‚‹ã‹ãã‚Š \ruby{æœ}{ã‚ã•}ãŒ\ruby{æ¥}{ã...

You're in trouble here.  Try typing  <return>  to proceed.
If that doesn't work, type  X <return>  to quit.

Missing character: There is no ç”Ÿ in font nullfont!
Missing character: There is no ã„ in font nullfont!
Missing character: There is no ã in font nullfont!
Missing character: There is no ã¦ in font nullfont!
Missing character: There is no ã„ in font nullfont!
Missing character: There is no ã‚‹ in font nullfont!
Missing character: There is no ã‹ in font nullfont!
Missing character: There is no ã in font nullfont!
Missing character: There is no ã‚Š in font nullfont!
! Undefined control sequence.
l.53 \ruby{ç”Ÿ}{ã„}ãã¦ã„ã‚‹ã‹ãã‚Š \ruby
                                               {æœ}{ã‚ã•}ãŒ\ruby{æ¥}{ã...
The control sequence at the end of the top line
of your error message was never \def'ed. If you have
misspelled it (e.g., `\hobx'), type `I' and the correct
spelling (e.g., `I\hbox'). Otherwise just continue,
and I'll forget about whatever was undefined.

Missing character: There is no æœ in font nullfont!
Missing character: There is no ã‚ in font nullfont!
Missing character: There is no ã• in font nullfont!
Missing character: There is no ãŒ in font nullfont!
! Undefined control sequence.
l.53 ...ã„ã‚‹ã‹ãã‚Š \ruby{æœ}{ã‚ã•}ãŒ\ruby
                                                  {æ¥}{ã}ã‚‹
The control sequence at the end of the top line
of your error message was never \def'ed. If you have
misspelled it (e.g., `\hobx'), type `I' and the correct
spelling (e.g., `I\hbox'). Otherwise just continue,
and I'll forget about whatever was undefined.

Missing character: There is no æ¥ in font nullfont!
Missing character: There is no ã in font nullfont!
Missing character: There is no ã‚‹ in font nullfont!

Overfull \hbox (20.0pt too wide) in paragraph at lines 53--54
[]
 []


! LaTeX Error: Missing \begin{document}.

See the LaTeX manual or LaTeX Companion for explanation.
Type  H <return>  for immediate help.
 ...                                              
                                                  
l.55 O
      h, crazy crazy night, no one care
You're in trouble here.  Try typing  <return>  to proceed.
If that doesn't work, type  X <return>  to quit.

Missing character: There is no O in font nullfont!
Missing character: There is no h in font nullfont!
Missing character: There is no , in font nullfont!
Missing character: There is no c in font nullfont!
Missing character: There is no r in font nullfont!
Missing character: There is no a in font nullfont!
Missing character: There is no z in font nullfont!
Missing character: There is no y in font nullfont!
Missing character: There is no c in font nullfont!
Missing character: There is no r in font nullfont!
Missing character: There is no a in font nullfont!
Missing character: There is no z in font nullfont!
Missing character: There is no y in font nullfont!
Missing character: There is no n in font nullfont!
Missing character: There is no i in font nullfont!
Missing character: There is no g in font nullfont!
Missing character: There is no h in font nullfont!
Missing character: There is no t in font nullfont!
Missing character: There is no , in font nullfont!
Missing character: There is no n in font nullfont!
Missing character: There is no o in font nullfont!
Missing character: There is no o in font nullfont!
Missing character: There is no n in font nullfont!
Missing character: There is no e in font nullfont!
Missing character: There is no c in font nullfont!
Missing character: There is no a in font nullfont!
Missing character: There is no r in font nullfont!
Missing character: There is no e in font nullfont!

Overfull \hbox (20.0pt too wide) in paragraph at lines 55--56
[]
 []

! Undefined control sequence.
l.57 \ruby
          {ç”˜}{ã‚ã¾}ã\ruby{åˆ‡}{ã›ã¤}ãªã„\ruby{å¿ƒ}{ã“ã“ã‚}ã«ã€...
The control sequence at the end of the top line
of your error message was never \def'ed. If you have
misspelled it (e.g., `\hobx'), type `I' and the correct
spelling (e.g., `I\hbox'). Otherwise just continue,
and I'll forget about whatever was undefined.


! LaTeX Error: Missing \begin{document}.

See the LaTeX manual or LaTeX Companion for explanation.
Type  H <return>  for immediate help.
 ...                                              
                                                  
l.57 \ruby{ç”˜
              }{ã‚ã¾}ã\ruby{åˆ‡}{ã›ã¤}ãªã„\ruby{å¿ƒ}{ã“ã“ã‚}ã«ã€...

You're in trouble here.  Try typing  <return>  to proceed.
If that doesn't work, type  X <return>  to quit.

Missing character: There is no ç”˜ in font nullfont!
Missing character: There is no ã‚ in font nullfont!
Missing character: There is no ã¾ in font nullfont!
Missing character: There is no ã in font nullfont!
! Undefined control sequence.
l.57 \ruby{ç”˜}{ã‚ã¾}ã\ruby
                               {åˆ‡}{ã›ã¤}ãªã„\ruby{å¿ƒ}{ã“ã“ã‚}ã«ã€...
The control sequence at the end of the top line
of your error message was never \def'ed. If you have
misspelled it (e.g., `\hobx'), type `I' and the correct
spelling (e.g., `I\hbox'). Otherwise just continue,
and I'll forget about whatever was undefined.

Missing character: There is no åˆ‡ in font nullfont!
Missing character: There is no ã› in font nullfont!
Missing character: There is no ã¤ in font nullfont!
Missing character: There is no ãª in font nullfont!
Missing character: There is no ã„ in font nullfont!
! Undefined control sequence.
l.57 ...˜}{ã‚ã¾}ã\ruby{åˆ‡}{ã›ã¤}ãªã„\ruby
                                                  {å¿ƒ}{ã“ã“ã‚}ã«ã€€In m...
The control sequence at the end of the top line
of your error message was never \def'ed. If you have
misspelled it (e.g., `\hobx'), type `I' and the correct
spelling (e.g., `I\hbox'). Otherwise just continue,
and I'll forget about whatever was undefined.

Missing character: There is no å¿ƒ in font nullfont!
Missing character: There is no ã“ in font nullfont!
Missing character: There is no ã“ in font nullfont!
Missing character: There is no ã‚ in font nullfont!
Missing character: There is no ã« in font nullfont!
Missing character: There is no ã€€ in font nullfont!
Missing character: There is no I in font nullfont!
Missing character: There is no n in font nullfont!
Missing character: There is no m in font nullfont!
Missing character: There is no y in font nullfont!
Missing character: There is no d in font nullfont!
Missing character: There is no r in font nullfont!
Missing character: There is no e in font nullfont!
Missing character: There is no a in font nullfont!
Missing character: There is no m in font nullfont!

Overfull \hbox (20.0pt too wide) in paragraph at lines 57--59
[]
 []

! Undefined control sequence.
l.60 \ruby
          {æ„›}{ã‚ã„}ã¯ã¾ã¼ã‚ã—\ruby{æš—é—‡}{ãã‚‰ã‚„ã¿}ã®\ruby{ä¸...
The control sequence at the end of the top line
of your error message was never \def'ed. If you have
misspelled it (e.g., `\hobx'), type `I' and the correct
spelling (e.g., `I\hbox'). Otherwise just continue,
and I'll forget about whatever was undefined.


! LaTeX Error: Missing \begin{document}.

See the LaTeX manual or LaTeX Companion for explanation.
Type  H <return>  for immediate help.
 ...                                              
                                                  
l.60 \ruby{æ„›
              }{ã‚ã„}ã¯ã¾ã¼ã‚ã—\ruby{æš—é—‡}{ãã‚‰ã‚„ã¿}ã®\ruby{ä¸...

You're in trouble here.  Try typing  <return>  to proceed.
If that doesn't work, type  X <return>  to quit.

Missing character: There is no æ„› in font nullfont!
Missing character: There is no ã‚ in font nullfont!
Missing character: There is no ã„ in font nullfont!
Missing character: There is no ã¯ in font nullfont!
Missing character: There is no ã¾ in font nullfont!
Missing character: There is no ã¼ in font nullfont!
Missing character: There is no ã‚ in font nullfont!
Missing character: There is no ã— in font nullfont!
! Undefined control sequence.
l.60 \ruby{æ„›}{ã‚ã„}ã¯ã¾ã¼ã‚ã—\ruby
                                           {æš—é—‡}{ãã‚‰ã‚„ã¿}ã®\ruby{ä¸...
The control sequence at the end of the top line
of your error message was never \def'ed. If you have
misspelled it (e.g., `\hobx'), type `I' and the correct
spelling (e.g., `I\hbox'). Otherwise just continue,
and I'll forget about whatever was undefined.

Missing character: There is no æš— in font nullfont!
Missing character: There is no é—‡ in font nullfont!
Missing character: There is no ã in font nullfont!
Missing character: There is no ã‚‰ in font nullfont!
Missing character: There is no ã‚„ in font nullfont!
Missing character: There is no ã¿ in font nullfont!
Missing character: There is no ã® in font nullfont!
! Undefined control sequence.
l.60 ...¼ã‚ã—\ruby{æš—é—‡}{ãã‚‰ã‚„ã¿}ã®\ruby
                                                  {ä¸­}{ãªã‹}ã§
The control sequence at the end of the top line
of your error message was never \def'ed. If you have
misspelled it (e.g., `\hobx'), type `I' and the correct
spelling (e.g., `I\hbox'). Otherwise just continue,
and I'll forget about whatever was undefined.

Missing character: There is no ä¸­ in font nullfont!
Missing character: There is no ãª in font nullfont!
Missing character: There is no ã‹ in font nullfont!
Missing character: There is no ã§ in font nullfont!

Overfull \hbox (20.0pt too wide) in paragraph at lines 60--61
[] 
 []

! Undefined control sequence.
l.62 \ruby
          {è¸Š}{ãŠã©}ã‚‹ã€€It's gonna be a great night, yeahï½
The control sequence at the end of the top line
of your error message was never \def'ed. If you have
misspelled it (e.g., `\hobx'), type `I' and the correct
spelling (e.g., `I\hbox'). Otherwise just continue,
and I'll forget about whatever was undefined.


! LaTeX Error: Missing \begin{document}.

See the LaTeX manual or LaTeX Companion for explanation.
Type  H <return>  for immediate help.
 ...                                              
                                                  
l.62 \ruby{è¸Š
              }{ãŠã©}ã‚‹ã€€It's gonna be a great night, yeahï½
You're in trouble here.  Try typing  <return>  to proceed.
If that doesn't work, type  X <return>  to quit.

Missing character: There is no è¸Š in font nullfont!
Missing character: There is no ãŠ in font nullfont!
Missing character: There is no ã© in font nullfont!
Missing character: There is no ã‚‹ in font nullfont!
Missing character: There is no ã€€ in font nullfont!
Missing character: There is no I in font nullfont!
Missing character: There is no t in font nullfont!
Missing character: There is no ' in font nullfont!
Missing character: There is no s in font nullfont!
Missing character: There is no g in font nullfont!
Missing character: There is no o in font nullfont!
Missing character: There is no n in font nullfont!
Missing character: There is no n in font nullfont!
Missing character: There is no a in font nullfont!
Missing character: There is no b in font nullfont!
Missing character: There is no e in font nullfont!
Missing character: There is no a in font nullfont!
Missing character: There is no g in font nullfont!
Missing character: There is no r in font nullfont!
Missing character: There is no e in font nullfont!
Missing character: There is no a in font nullfont!
Missing character: There is no t in font nullfont!
Missing character: There is no n in font nullfont!
Missing character: There is no i in font nullfont!
Missing character: There is no g in font nullfont!
Missing character: There is no h in font nullfont!
Missing character: There is no t in font nullfont!
Missing character: There is no , in font nullfont!
Missing character: There is no y in font nullfont!
Missing character: There is no e in font nullfont!
Missing character: There is no a in font nullfont!
Missing character: There is no h in font nullfont!
Missing character: There is no ï½ in font nullfont!

Overfull \hbox (20.0pt too wide) in paragraph at lines 62--63
[]
 []

! Undefined control sequence.
l.64 \ruby
          {æ„›}{ã‚ã„}ã¯\ruby{éœ‡}{ãµã‚‹}ãˆã¦ã€€\ruby{Beat}{ãƒ“ãƒ¼ãƒˆ}ã...
The control sequence at the end of the top line
of your error message was never \def'ed. If you have
misspelled it (e.g., `\hobx'), type `I' and the correct
spelling (e.g., `I\hbox'). Otherwise just continue,
and I'll forget about whatever was undefined.


! LaTeX Error: Missing \begin{document}.

See the LaTeX manual or LaTeX Companion for explanation.
Type  H <return>  for immediate help.
 ...                                              
                                                  
l.64 \ruby{æ„›
              }{ã‚ã„}ã¯\ruby{éœ‡}{ãµã‚‹}ãˆã¦ã€€\ruby{Beat}{ãƒ“ãƒ¼ãƒˆ}ã...

You're in trouble here.  Try typing  <return>  to proceed.
If that doesn't work, type  X <return>  to quit.

Missing character: There is no æ„› in font nullfont!
Missing character: There is no ã‚ in font nullfont!
Missing character: There is no ã„ in font nullfont!
Missing character: There is no ã¯ in font nullfont!
! Undefined control sequence.
l.64 \ruby{æ„›}{ã‚ã„}ã¯\ruby
                               {éœ‡}{ãµã‚‹}ãˆã¦ã€€\ruby{Beat}{ãƒ“ãƒ¼ãƒˆ}ã...
The control sequence at the end of the top line
of your error message was never \def'ed. If you have
misspelled it (e.g., `\hobx'), type `I' and the correct
spelling (e.g., `I\hbox'). Otherwise just continue,
and I'll forget about whatever was undefined.

Missing character: There is no éœ‡ in font nullfont!
Missing character: There is no ãµ in font nullfont!
Missing character: There is no ã‚‹ in font nullfont!
Missing character: There is no ãˆ in font nullfont!
Missing character: There is no ã¦ in font nullfont!
Missing character: There is no ã€€ in font nullfont!
! Undefined control sequence.
l.64 ...ã‚ã„}ã¯\ruby{éœ‡}{ãµã‚‹}ãˆã¦ã€€\ruby
                                                  {Beat}{ãƒ“ãƒ¼ãƒˆ}ã«\ruby{...
The control sequence at the end of the top line
of your error message was never \def'ed. If you have
misspelled it (e.g., `\hobx'), type `I' and the correct
spelling (e.g., `I\hbox'). Otherwise just continue,
and I'll forget about whatever was undefined.

Missing character: There is no B in font nullfont!
Missing character: There is no e in font nullfont!
Missing character: There is no a in font nullfont!
Missing character: There is no t in font nullfont!
Missing character: There is no ãƒ“ in font nullfont!
Missing character: There is no ãƒ¼ in font nullfont!
Missing character: There is no ãƒˆ in font nullfont!
Missing character: There is no ã« in font nullfont!
! Undefined control sequence.
l.64 ...‚‹}ãˆã¦ã€€\ruby{Beat}{ãƒ“ãƒ¼ãƒˆ}ã«\ruby
                                                  {æŠ±}{ã }ã‹ã‚Œ
The control sequence at the end of the top line
of your error message was never \def'ed. If you have
misspelled it (e.g., `\hobx'), type `I' and the correct
spelling (e.g., `I\hbox'). Otherwise just continue,
and I'll forget about whatever was undefined.

Missing character: There is no æŠ± in font nullfont!
Missing character: There is no ã  in font nullfont!
Missing character: There is no ã‹ in font nullfont!
Missing character: There is no ã‚Œ in font nullfont!

Overfull \hbox (20.0pt too wide) in paragraph at lines 64--65
[] 
 []


! LaTeX Error: Missing \begin{document}.

See the LaTeX manual or LaTeX Companion for explanation.
Type  H <return>  for immediate help.
 ...                                              
                                                  
l.66 ã“
        ã®ã¾ã¾ In your eyes. oh yeah
You're in trouble here.  Try typing  <return>  to proceed.
If that doesn't work, type  X <return>  to quit.

Missing character: There is no ã“ in font nullfont!
Missing character: There is no ã® in font nullfont!
Missing character: There is no ã¾ in font nullfont!
Missing character: There is no ã¾ in font nullfont!
Missing character: There is no I in font nullfont!
Missing character: There is no n in font nullfont!
Missing character: There is no y in font nullfont!
Missing character: There is no o in font nullfont!
Missing character: There is no u in font nullfont!
Missing character: There is no r in font nullfont!
Missing character: There is no e in font nullfont!
Missing character: There is no y in font nullfont!
Missing character: There is no e in font nullfont!
Missing character: There is no s in font nullfont!
Missing character: There is no . in font nullfont!
Missing character: There is no o in font nullfont!
Missing character: There is no h in font nullfont!
Missing character: There is no y in font nullfont!
Missing character: There is no e in font nullfont!
Missing character: There is no a in font nullfont!
Missing character: There is no h in font nullfont!

Overfull \hbox (20.0pt too wide) in paragraph at lines 66--68
[]
 []

! Undefined control sequence.
l.69 \ruby
          {æ„›}{ã‚ã„}ã¯\ruby{æ‰‹æ¢}{ã¦ã•ã}ã‚Š
The control sequence at the end of the top line
of your error message was never \def'ed. If you have
misspelled it (e.g., `\hobx'), type `I' and the correct
spelling (e.g., `I\hbox'). Otherwise just continue,
and I'll forget about whatever was undefined.


! LaTeX Error: Missing \begin{document}.

See the LaTeX manual or LaTeX Companion for explanation.
Type  H <return>  for immediate help.
 ...                                              
                                                  
l.69 \ruby{æ„›
              }{ã‚ã„}ã¯\ruby{æ‰‹æ¢}{ã¦ã•ã}ã‚Š
You're in trouble here.  Try typing  <return>  to proceed.
If that doesn't work, type  X <return>  to quit.

Missing character: There is no æ„› in font nullfont!
Missing character: There is no ã‚ in font nullfont!
Missing character: There is no ã„ in font nullfont!
Missing character: There is no ã¯ in font nullfont!
! Undefined control sequence.
l.69 \ruby{æ„›}{ã‚ã„}ã¯\ruby
                               {æ‰‹æ¢}{ã¦ã•ã}ã‚Š
The control sequence at the end of the top line
of your error message was never \def'ed. If you have
misspelled it (e.g., `\hobx'), type `I' and the correct
spelling (e.g., `I\hbox'). Otherwise just continue,
and I'll forget about whatever was undefined.

Missing character: There is no æ‰‹ in font nullfont!
Missing character: There is no æ¢ in font nullfont!
Missing character: There is no ã¦ in font nullfont!
Missing character: There is no ã• in font nullfont!
Missing character: There is no ã in font nullfont!
Missing character: There is no ã‚Š in font nullfont!

Overfull \hbox (20.0pt too wide) in paragraph at lines 69--70
[] 
 []

! Undefined control sequence.
l.71 \ruby
          {æš—é—‡}{ãã‚‰ã‚„ã¿}ã®\ruby{ä¸­}{ãªã‹}ã§
The control sequence at the end of the top line
of your error message was never \def'ed. If you have
misspelled it (e.g., `\hobx'), type `I' and the correct
spelling (e.g., `I\hbox'). Otherwise just continue,
and I'll forget about whatever was undefined.


! LaTeX Error: Missing \begin{document}.

See the LaTeX manual or LaTeX Companion for explanation.
Type  H <return>  for immediate help.
 ...                                              
                                                  
l.71 \ruby{æš—
              é—‡}{ãã‚‰ã‚„ã¿}ã®\ruby{ä¸­}{ãªã‹}ã§
You're in trouble here.  Try typing  <return>  to proceed.
If that doesn't work, type  X <return>  to quit.

Missing character: There is no æš— in font nullfont!
Missing character: There is no é—‡ in font nullfont!
Missing character: There is no ã in font nullfont!
Missing character: There is no ã‚‰ in font nullfont!
Missing character: There is no ã‚„ in font nullfont!
Missing character: There is no ã¿ in font nullfont!
Missing character: There is no ã® in font nullfont!
! Undefined control sequence.
l.71 \ruby{æš—é—‡}{ãã‚‰ã‚„ã¿}ã®\ruby
                                        {ä¸­}{ãªã‹}ã§
The control sequence at the end of the top line
of your error message was never \def'ed. If you have
misspelled it (e.g., `\hobx'), type `I' and the correct
spelling (e.g., `I\hbox'). Otherwise just continue,
and I'll forget about whatever was undefined.

Missing character: There is no ä¸­ in font nullfont!
Missing character: There is no ãª in font nullfont!
Missing character: There is no ã‹ in font nullfont!
Missing character: There is no ã§ in font nullfont!

Overfull \hbox (20.0pt too wide) in paragraph at lines 71--72
[] 
 []

! Undefined control sequence.
l.73 \ruby
          {è¸Š}{ãŠã©}ã‚‹ã€€It's gonna be a great night, yeahï½
The control sequence at the end of the top line
of your error message was never \def'ed. If you have
misspelled it (e.g., `\hobx'), type `I' and the correct
spelling (e.g., `I\hbox'). Otherwise just continue,
and I'll forget about whatever was undefined.


! LaTeX Error: Missing \begin{document}.

See the LaTeX manual or LaTeX Companion for explanation.
Type  H <return>  for immediate help.
 ...                                              
                                                  
l.73 \ruby{è¸Š
              }{ãŠã©}ã‚‹ã€€It's gonna be a great night, yeahï½
You're in trouble here.  Try typing  <return>  to proceed.
If that doesn't work, type  X <return>  to quit.

Missing character: There is no è¸Š in font nullfont!
Missing character: There is no ãŠ in font nullfont!
Missing character: There is no ã© in font nullfont!
Missing character: There is no ã‚‹ in font nullfont!
Missing character: There is no ã€€ in font nullfont!
Missing character: There is no I in font nullfont!
Missing character: There is no t in font nullfont!
Missing character: There is no ' in font nullfont!
Missing character: There is no s in font nullfont!
Missing character: There is no g in font nullfont!
Missing character: There is no o in font nullfont!
Missing character: There is no n in font nullfont!
Missing character: There is no n in font nullfont!
Missing character: There is no a in font nullfont!
Missing character: There is no b in font nullfont!
Missing character: There is no e in font nullfont!
Missing character: There is no a in font nullfont!
Missing character: There is no g in font nullfont!
Missing character: There is no r in font nullfont!
Missing character: There is no e in font nullfont!
Missing character: There is no a in font nullfont!
Missing character: There is no t in font nullfont!
Missing character: There is no n in font nullfont!
Missing character: There is no i in font nullfont!
Missing character: There is no g in font nullfont!
Missing character: There is no h in font nullfont!
Missing character: There is no t in font nullfont!
Missing character: There is no , in font nullfont!
Missing character: There is no y in font nullfont!
Missing character: There is no e in font nullfont!
Missing character: There is no a in font nullfont!
Missing character: There is no h in font nullfont!
Missing character: There is no ï½ in font nullfont!

Overfull \hbox (20.0pt too wide) in paragraph at lines 73--74
[]
 []

! Undefined control sequence.
l.75 \ruby
          {æ„›}{ã‚ã„}ã¯\ruby{æ°—}{ã}ã¾ãã‚Œã€€\ruby{Beat}{ãƒ“ãƒ¼ãƒˆ}ã...
The control sequence at the end of the top line
of your error message was never \def'ed. If you have
misspelled it (e.g., `\hobx'), type `I' and the correct
spelling (e.g., `I\hbox'). Otherwise just continue,
and I'll forget about whatever was undefined.


! LaTeX Error: Missing \begin{document}.

See the LaTeX manual or LaTeX Companion for explanation.
Type  H <return>  for immediate help.
 ...                                              
                                                  
l.75 \ruby{æ„›
              }{ã‚ã„}ã¯\ruby{æ°—}{ã}ã¾ãã‚Œã€€\ruby{Beat}{ãƒ“ãƒ¼ãƒˆ}ã...

You're in trouble here.  Try typing  <return>  to proceed.
If that doesn't work, type  X <return>  to quit.

Missing character: There is no æ„› in font nullfont!
Missing character: There is no ã‚ in font nullfont!
Missing character: There is no ã„ in font nullfont!
Missing character: There is no ã¯ in font nullfont!
! Undefined control sequence.
l.75 \ruby{æ„›}{ã‚ã„}ã¯\ruby
                               {æ°—}{ã}ã¾ãã‚Œã€€\ruby{Beat}{ãƒ“ãƒ¼ãƒˆ}ã...
The control sequence at the end of the top line
of your error message was never \def'ed. If you have
misspelled it (e.g., `\hobx'), type `I' and the correct
spelling (e.g., `I\hbox'). Otherwise just continue,
and I'll forget about whatever was undefined.

Missing character: There is no æ°— in font nullfont!
Missing character: There is no ã in font nullfont!
Missing character: There is no ã¾ in font nullfont!
Missing character: There is no ã in font nullfont!
Missing character: There is no ã‚Œ in font nullfont!
Missing character: There is no ã€€ in font nullfont!
! Undefined control sequence.
l.75 ...ã‚ã„}ã¯\ruby{æ°—}{ã}ã¾ãã‚Œã€€\ruby
                                                  {Beat}{ãƒ“ãƒ¼ãƒˆ}ã«\ruby{...
The control sequence at the end of the top line
of your error message was never \def'ed. If you have
misspelled it (e.g., `\hobx'), type `I' and the correct
spelling (e.g., `I\hbox'). Otherwise just continue,
and I'll forget about whatever was undefined.

Missing character: There is no B in font nullfont!
Missing character: There is no e in font nullfont!
Missing character: There is no a in font nullfont!
Missing character: There is no t in font nullfont!
Missing character: There is no ãƒ“ in font nullfont!
Missing character: There is no ãƒ¼ in font nullfont!
Missing character: There is no ãƒˆ in font nullfont!
Missing character: There is no ã« in font nullfont!
! Undefined control sequence.
l.75 ...ã¾ãã‚Œã€€\ruby{Beat}{ãƒ“ãƒ¼ãƒˆ}ã«\ruby
                                                  {æŠ±}{ã }ã‹ã‚Œ
The control sequence at the end of the top line
of your error message was never \def'ed. If you have
misspelled it (e.g., `\hobx'), type `I' and the correct
spelling (e.g., `I\hbox'). Otherwise just continue,
and I'll forget about whatever was undefined.

Missing character: There is no æŠ± in font nullfont!
Missing character: There is no ã  in font nullfont!
Missing character: There is no ã‹ in font nullfont!
Missing character: There is no ã‚Œ in font nullfont!

Overfull \hbox (20.0pt too wide) in paragraph at lines 75--76
[] 
 []

! Undefined control sequence.
l.77 \ruby
          {è¦‹}{ã¿}ã¤ã‚ã¦ã€€In your eyes.
The control sequence at the end of the top line
of your error message was never \def'ed. If you have
misspelled it (e.g., `\hobx'), type `I' and the correct
spelling (e.g., `I\hbox'). Otherwise just continue,
and I'll forget about whatever was undefined.


! LaTeX Error: Missing \begin{document}.

See the LaTeX manual or LaTeX Companion for explanation.
Type  H <return>  for immediate help.
 ...                                              
                                                  
l.77 \ruby{è¦‹
              }{ã¿}ã¤ã‚ã¦ã€€In your eyes.
You're in trouble here.  Try typing  <return>  to proceed.
If that doesn't work, type  X <return>  to quit.

Missing character: There is no è¦‹ in font nullfont!
Missing character: There is no ã¿ in font nullfont!
Missing character: There is no ã¤ in font nullfont!
Missing character: There is no ã‚ in font nullfont!
Missing character: There is no ã¦ in font nullfont!
Missing character: There is no ã€€ in font nullfont!
Missing character: There is no I in font nullfont!
Missing character: There is no n in font nullfont!
Missing character: There is no y in font nullfont!
Missing character: There is no o in font nullfont!
Missing character: There is no u in font nullfont!
Missing character: There is no r in font nullfont!
Missing character: There is no e in font nullfont!
Missing character: There is no y in font nullfont!
Missing character: There is no e in font nullfont!
Missing character: There is no s in font nullfont!
Missing character: There is no . in font nullfont!

Overfull \hbox (20.0pt too wide) in paragraph at lines 77--79
[]
 []

! Undefined control sequence.
l.80 \ruby
          {æ„›}{ã‚ã„}ã¯\ruby{æ‰‹æ¢}{ã¦ã•ã}ã‚Š
The control sequence at the end of the top line
of your error message was never \def'ed. If you have
misspelled it (e.g., `\hobx'), type `I' and the correct
spelling (e.g., `I\hbox'). Otherwise just continue,
and I'll forget about whatever was undefined.


! LaTeX Error: Missing \begin{document}.

See the LaTeX manual or LaTeX Companion for explanation.
Type  H <return>  for immediate help.
 ...                                              
                                                  
l.80 \ruby{æ„›
              }{ã‚ã„}ã¯\ruby{æ‰‹æ¢}{ã¦ã•ã}ã‚Š
You're in trouble here.  Try typing  <return>  to proceed.
If that doesn't work, type  X <return>  to quit.

Missing character: There is no æ„› in font nullfont!
Missing character: There is no ã‚ in font nullfont!
Missing character: There is no ã„ in font nullfont!
Missing character: There is no ã¯ in font nullfont!
! Undefined control sequence.
l.80 \ruby{æ„›}{ã‚ã„}ã¯\ruby
                               {æ‰‹æ¢}{ã¦ã•ã}ã‚Š
The control sequence at the end of the top line
of your error message was never \def'ed. If you have
misspelled it (e.g., `\hobx'), type `I' and the correct
spelling (e.g., `I\hbox'). Otherwise just continue,
and I'll forget about whatever was undefined.

Missing character: There is no æ‰‹ in font nullfont!
Missing character: There is no æ¢ in font nullfont!
Missing character: There is no ã¦ in font nullfont!
Missing character: There is no ã• in font nullfont!
Missing character: There is no ã in font nullfont!
Missing character: There is no ã‚Š in font nullfont!

Overfull \hbox (20.0pt too wide) in paragraph at lines 80--81
[] 
 []

! Undefined control sequence.
l.82 \ruby
          {æš—é—‡}{ãã‚‰ã‚„ã¿}ã®\ruby{ä¸­}{ãªã‹}ã§
The control sequence at the end of the top line
of your error message was never \def'ed. If you have
misspelled it (e.g., `\hobx'), type `I' and the correct
spelling (e.g., `I\hbox'). Otherwise just continue,
and I'll forget about whatever was undefined.


! LaTeX Error: Missing \begin{document}.

See the LaTeX manual or LaTeX Companion for explanation.
Type  H <return>  for immediate help.
 ...                                              
                                                  
l.82 \ruby{æš—
              é—‡}{ãã‚‰ã‚„ã¿}ã®\ruby{ä¸­}{ãªã‹}ã§
You're in trouble here.  Try typing  <return>  to proceed.
If that doesn't work, type  X <return>  to quit.

Missing character: There is no æš— in font nullfont!
Missing character: There is no é—‡ in font nullfont!
Missing character: There is no ã in font nullfont!
Missing character: There is no ã‚‰ in font nullfont!
Missing character: There is no ã‚„ in font nullfont!
Missing character: There is no ã¿ in font nullfont!
Missing character: There is no ã® in font nullfont!
! Undefined control sequence.
l.82 \ruby{æš—é—‡}{ãã‚‰ã‚„ã¿}ã®\ruby
                                        {ä¸­}{ãªã‹}ã§
The control sequence at the end of the top line
of your error message was never \def'ed. If you have
misspelled it (e.g., `\hobx'), type `I' and the correct
spelling (e.g., `I\hbox'). Otherwise just continue,
and I'll forget about whatever was undefined.

Missing character: There is no ä¸­ in font nullfont!
Missing character: There is no ãª in font nullfont!
Missing character: There is no ã‹ in font nullfont!
Missing character: There is no ã§ in font nullfont!

Overfull \hbox (20.0pt too wide) in paragraph at lines 82--83
[] 
 []

! Undefined control sequence.
l.84 \ruby
          {è¸Š}{ãŠã©}ã‚‹ã€€It's gonna be a great night, yeahï½
The control sequence at the end of the top line
of your error message was never \def'ed. If you have
misspelled it (e.g., `\hobx'), type `I' and the correct
spelling (e.g., `I\hbox'). Otherwise just continue,
and I'll forget about whatever was undefined.


! LaTeX Error: Missing \begin{document}.

See the LaTeX manual or LaTeX Companion for explanation.
Type  H <return>  for immediate help.
 ...                                              
                                                  
l.84 \ruby{è¸Š
              }{ãŠã©}ã‚‹ã€€It's gonna be a great night, yeahï½
You're in trouble here.  Try typing  <return>  to proceed.
If that doesn't work, type  X <return>  to quit.

Missing character: There is no è¸Š in font nullfont!
Missing character: There is no ãŠ in font nullfont!
Missing character: There is no ã© in font nullfont!
Missing character: There is no ã‚‹ in font nullfont!
Missing character: There is no ã€€ in font nullfont!
Missing character: There is no I in font nullfont!
Missing character: There is no t in font nullfont!
Missing character: There is no ' in font nullfont!
Missing character: There is no s in font nullfont!
Missing character: There is no g in font nullfont!
Missing character: There is no o in font nullfont!
Missing character: There is no n in font nullfont!
Missing character: There is no n in font nullfont!
Missing character: There is no a in font nullfont!
Missing character: There is no b in font nullfont!
Missing character: There is no e in font nullfont!
Missing character: There is no a in font nullfont!
Missing character: There is no g in font nullfont!
Missing character: There is no r in font nullfont!
Missing character: There is no e in font nullfont!
Missing character: There is no a in font nullfont!
Missing character: There is no t in font nullfont!
Missing character: There is no n in font nullfont!
Missing character: There is no i in font nullfont!
Missing character: There is no g in font nullfont!
Missing character: There is no h in font nullfont!
Missing character: There is no t in font nullfont!
Missing character: There is no , in font nullfont!
Missing character: There is no y in font nullfont!
Missing character: There is no e in font nullfont!
Missing character: There is no a in font nullfont!
Missing character: There is no h in font nullfont!
Missing character: There is no ï½ in font nullfont!

Overfull \hbox (20.0pt too wide) in paragraph at lines 84--85
[]
 []

! Undefined control sequence.
l.86 \ruby
          {æ„›}{ã‚ã„}ã¯\ruby{éœ‡}{ãµã‚‹}ãˆã¦ã€€\ruby{Beat}{ãƒ“ãƒ¼ãƒˆ}ã...
The control sequence at the end of the top line
of your error message was never \def'ed. If you have
misspelled it (e.g., `\hobx'), type `I' and the correct
spelling (e.g., `I\hbox'). Otherwise just continue,
and I'll forget about whatever was undefined.


! LaTeX Error: Missing \begin{document}.

See the LaTeX manual or LaTeX Companion for explanation.
Type  H <return>  for immediate help.
 ...                                              
                                                  
l.86 \ruby{æ„›
              }{ã‚ã„}ã¯\ruby{éœ‡}{ãµã‚‹}ãˆã¦ã€€\ruby{Beat}{ãƒ“ãƒ¼ãƒˆ}ã...

You're in trouble here.  Try typing  <return>  to proceed.
If that doesn't work, type  X <return>  to quit.

Missing character: There is no æ„› in font nullfont!
Missing character: There is no ã‚ in font nullfont!
Missing character: There is no ã„ in font nullfont!
Missing character: There is no ã¯ in font nullfont!
! Undefined control sequence.
l.86 \ruby{æ„›}{ã‚ã„}ã¯\ruby
                               {éœ‡}{ãµã‚‹}ãˆã¦ã€€\ruby{Beat}{ãƒ“ãƒ¼ãƒˆ}ã...
The control sequence at the end of the top line
of your error message was never \def'ed. If you have
misspelled it (e.g., `\hobx'), type `I' and the correct
spelling (e.g., `I\hbox'). Otherwise just continue,
and I'll forget about whatever was undefined.

Missing character: There is no éœ‡ in font nullfont!
Missing character: There is no ãµ in font nullfont!
Missing character: There is no ã‚‹ in font nullfont!
Missing character: There is no ãˆ in font nullfont!
Missing character: There is no ã¦ in font nullfont!
Missing character: There is no ã€€ in font nullfont!
! Undefined control sequence.
l.86 ...ã‚ã„}ã¯\ruby{éœ‡}{ãµã‚‹}ãˆã¦ã€€\ruby
                                                  {Beat}{ãƒ“ãƒ¼ãƒˆ}ã«\ruby{...
The control sequence at the end of the top line
of your error message was never \def'ed. If you have
misspelled it (e.g., `\hobx'), type `I' and the correct
spelling (e.g., `I\hbox'). Otherwise just continue,
and I'll forget about whatever was undefined.

Missing character: There is no B in font nullfont!
Missing character: There is no e in font nullfont!
Missing character: There is no a in font nullfont!
Missing character: There is no t in font nullfont!
Missing character: There is no ãƒ“ in font nullfont!
Missing character: There is no ãƒ¼ in font nullfont!
Missing character: There is no ãƒˆ in font nullfont!
Missing character: There is no ã« in font nullfont!
! Undefined control sequence.
l.86 ...‚‹}ãˆã¦ã€€\ruby{Beat}{ãƒ“ãƒ¼ãƒˆ}ã«\ruby
                                                  {æŠ±}{ã }ã‹ã‚Œ
The control sequence at the end of the top line
of your error message was never \def'ed. If you have
misspelled it (e.g., `\hobx'), type `I' and the correct
spelling (e.g., `I\hbox'). Otherwise just continue,
and I'll forget about whatever was undefined.

Missing character: There is no æŠ± in font nullfont!
Missing character: There is no ã  in font nullfont!
Missing character: There is no ã‹ in font nullfont!
Missing character: There is no ã‚Œ in font nullfont!

Overfull \hbox (20.0pt too wide) in paragraph at lines 86--87
[] 
 []


! LaTeX Error: Missing \begin{document}.

See the LaTeX manual or LaTeX Companion for explanation.
Type  H <return>  for immediate help.
 ...                                              
                                                  
l.88 ã“
        ã®ã¾ã¾ In your eyes. oh yeah
You're in trouble here.  Try typing  <return>  to proceed.
If that doesn't work, type  X <return>  to quit.

Missing character: There is no ã“ in font nullfont!
Missing character: There is no ã® in font nullfont!
Missing character: There is no ã¾ in font nullfont!
Missing character: There is no ã¾ in font nullfont!
Missing character: There is no I in font nullfont!
Missing character: There is no n in font nullfont!
Missing character: There is no y in font nullfont!
Missing character: There is no o in font nullfont!
Missing character: There is no u in font nullfont!
Missing character: There is no r in font nullfont!
Missing character: There is no e in font nullfont!
Missing character: There is no y in font nullfont!
Missing character: There is no e in font nullfont!
Missing character: There is no s in font nullfont!
Missing character: There is no . in font nullfont!
Missing character: There is no o in font nullfont!
Missing character: There is no h in font nullfont!
Missing character: There is no y in font nullfont!
Missing character: There is no e in font nullfont!
Missing character: There is no a in font nullfont!
Missing character: There is no h in font nullfont!

Overfull \hbox (20.0pt too wide) in paragraph at lines 88--90
[]
 []

)
! Emergency stop.
<*> 12_43.tex
             
*** (job aborted, no legal \end found)

 
Here is how much of TeX's memory you used:
 5 strings out of 429025
 81 string characters out of 3167800
 49509 words of memory out of 3000000
 3366 multiletter control sequences out of 15000+200000
 3640 words of font info for 14 fonts, out of 3000000 for 9000
 912 hyphenation exceptions out of 8191
 5i,0n,4p,80b,30s stack positions out of 5000i,500n,10000p,200000b,50000s
No pages of output.
