\BOOKMARK [0][-]{chapter.1}{Album\0401}{}% 1
\BOOKMARK [1][-]{section.1.1}{\040Good-bye\040My\040Loneliness}{chapter.1}% 2
\BOOKMARK [1][-]{section.1.2}{ 愛は暗闇の中で}{chapter.1}% 3
\BOOKMARK [1][-]{section.1.3}{ 恋女の憂鬱}{chapter.1}% 4
\BOOKMARK [1][-]{section.1.4}{\040Oh!\040Sugar\040Baby}{chapter.1}% 5
\BOOKMARK [1][-]{section.1.5}{ 女でいたい}{chapter.1}% 6
\BOOKMARK [1][-]{section.1.6}{\040It's\040a\040Boy}{chapter.1}% 7
\BOOKMARK [0][-]{chapter.2}{Album\0402}{}% 8
\BOOKMARK [1][-]{section.2.1}{ 不思議ね}{chapter.2}% 9
\BOOKMARK [1][-]{section.2.2}{ もう探さない}{chapter.2}% 10
\BOOKMARK [1][-]{section.2.3}{ 素直に言えなくて}{chapter.2}% 11
\BOOKMARK [1][-]{section.2.4}{ ひとりが好き}{chapter.2}% 12
\BOOKMARK [1][-]{section.2.5}{\040Forever}{chapter.2}% 13
\BOOKMARK [1][-]{section.2.6}{\040Lonely\040soldier\040boy}{chapter.2}% 14
\BOOKMARK [1][-]{section.2.7}{ いつかは}{chapter.2}% 15
\BOOKMARK [0][-]{chapter.3}{Album\0403}{}% 16
\BOOKMARK [1][-]{section.3.1}{ 眠れない夜を抱いて}{chapter.3}% 17
\BOOKMARK [1][-]{section.3.2}{ 誰かが待ってる}{chapter.3}% 18
\BOOKMARK [1][-]{section.3.3}{ サヨナラ言えなくて}{chapter.3}% 19
\BOOKMARK [1][-]{section.3.4}{ あの微笑みを忘れないで}{chapter.3}% 20
\BOOKMARK [1][-]{section.3.5}{ 好きなように踊りたいの}{chapter.3}% 21
\BOOKMARK [1][-]{section.3.6}{\040Dangerous\040Tonight}{chapter.3}% 22
\BOOKMARK [1][-]{section.3.7}{ こんなに愛しても}{chapter.3}% 23
\BOOKMARK [1][-]{section.3.8}{\040Why\040don't\040you\040leave\040me\040alone}{chapter.3}% 24
\BOOKMARK [1][-]{section.3.9}{ 愛は眠ってる}{chapter.3}% 25
\BOOKMARK [1][-]{section.3.10}{ 遠い日の Nostalgia}{chapter.3}% 26
\BOOKMARK [1][-]{section.3.11}{\040So\040together}{chapter.3}% 27
\BOOKMARK [0][-]{chapter.4}{Album\0404}{}% 28
\BOOKMARK [1][-]{section.4.1}{ 揺れる想い}{chapter.4}% 29
\BOOKMARK [1][-]{section.4.2}{\040season}{chapter.4}% 30
\BOOKMARK [1][-]{section.4.3}{ 君がいない \(B-version\)}{chapter.4}% 31
\BOOKMARK [1][-]{section.4.4}{\040In\040my\040arms\040tonight}{chapter.4}% 32
\BOOKMARK [1][-]{section.4.5}{ あなたを好きだけど}{chapter.4}% 33
\BOOKMARK [1][-]{section.4.6}{ 負けないで}{chapter.4}% 34
\BOOKMARK [1][-]{section.4.7}{\040Listen\040to\040me}{chapter.4}% 35
\BOOKMARK [1][-]{section.4.8}{\040You\040and\040me\(and...\)}{chapter.4}% 36
\BOOKMARK [1][-]{section.4.9}{\040I\040want\040you}{chapter.4}% 37
\BOOKMARK [1][-]{section.4.10}{ 二人の夏}{chapter.4}% 38
\BOOKMARK [0][-]{chapter.5}{Album\0405}{}% 39
\BOOKMARK [1][-]{section.5.1}{\040OH\040MY\040LOVE}{chapter.5}% 40
\BOOKMARK [1][-]{section.5.2}{\040Top\040Secret}{chapter.5}% 41
\BOOKMARK [1][-]{section.5.3}{ きっと忘れない}{chapter.5}% 42
\BOOKMARK [1][-]{section.5.4}{ もう少し あと少し…}{chapter.5}% 43
\BOOKMARK [1][-]{section.5.5}{ 雨に濡れて}{chapter.5}% 44
\BOOKMARK [1][-]{section.5.6}{ この愛に泳ぎ疲れても}{chapter.5}% 45
\BOOKMARK [1][-]{section.5.7}{\040I\040still\040remember}{chapter.5}% 46
\BOOKMARK [1][-]{section.5.8}{\040If\040you\040gimme\040smile}{chapter.5}% 47
\BOOKMARK [1][-]{section.5.9}{ 来年の夏も}{chapter.5}% 48
\BOOKMARK [1][-]{section.5.10}{ あなたに帰りたい}{chapter.5}% 49
\BOOKMARK [0][-]{chapter.6}{Album\0406}{}% 50
\BOOKMARK [1][-]{section.6.1}{ 今すぐ会いに来て}{chapter.6}% 51
\BOOKMARK [1][-]{section.6.2}{ ハイヒール脱ぎ捨てて}{chapter.6}% 52
\BOOKMARK [1][-]{section.6.3}{\040forever\040you}{chapter.6}% 53
\BOOKMARK [1][-]{section.6.4}{ もう逃げたりしないわ想い出から}{chapter.6}% 54
\BOOKMARK [1][-]{section.6.5}{ あなたを感じていたい}{chapter.6}% 55
\BOOKMARK [1][-]{section.6.6}{ 気楽に行こう}{chapter.6}% 56
\BOOKMARK [1][-]{section.6.7}{\040I'm\040in\040love}{chapter.6}% 57
\BOOKMARK [1][-]{section.6.8}{ こんなにそばに居るのに}{chapter.6}% 58
\BOOKMARK [1][-]{section.6.9}{\040Just\040believe\040in\040love}{chapter.6}% 59
\BOOKMARK [1][-]{section.6.10}{ 瞳そらさないで}{chapter.6}% 60
\BOOKMARK [0][-]{chapter.7}{Album\0407}{}% 61
\BOOKMARK [1][-]{section.7.1}{\040My\040Friend}{chapter.7}% 62
\BOOKMARK [1][-]{section.7.2}{ 君がいたから}{chapter.7}% 63
\BOOKMARK [1][-]{section.7.3}{ サヨナラは今もこの胸に居ます}{chapter.7}% 64
\BOOKMARK [1][-]{section.7.4}{ Love ～眠れずに君の横顔ずっと見ていた～}{chapter.7}% 65
\BOOKMARK [1][-]{section.7.5}{ DAN DAN 心魅かれてく}{chapter.7}% 66
\BOOKMARK [1][-]{section.7.6}{ 眠り}{chapter.7}% 67
\BOOKMARK [1][-]{section.7.7}{ 心を開いて}{chapter.7}% 68
\BOOKMARK [1][-]{section.7.8}{ 突然}{chapter.7}% 69
\BOOKMARK [1][-]{section.7.9}{ 今日も}{chapter.7}% 70
\BOOKMARK [1][-]{section.7.10}{\040Today\040is\040another\040day}{chapter.7}% 71
\BOOKMARK [1][-]{section.7.11}{ 愛が見えない}{chapter.7}% 72
\BOOKMARK [1][-]{section.7.12}{ 見つめていたいね}{chapter.7}% 73
\BOOKMARK [0][-]{chapter.8}{Album\0408}{}% 74
\BOOKMARK [1][-]{section.8.1}{ 永遠}{chapter.8}% 75
\BOOKMARK [1][-]{section.8.2}{ My Baby Grand  ぬくもりが欲しくて }{chapter.8}% 76
\BOOKMARK [1][-]{section.8.3}{\040Wake\040Up\040Make\040The\040Morning\040Last}{chapter.8}% 77
\BOOKMARK [1][-]{section.8.4}{\040Brand\040New\040Love}{chapter.8}% 78
\BOOKMARK [1][-]{section.8.5}{ 運命のルーレット廻して}{chapter.8}% 79
\BOOKMARK [1][-]{section.8.6}{ 遠い星を数えて}{chapter.8}% 80
\BOOKMARK [1][-]{section.8.7}{ 新しいドア～冬のひまわり～}{chapter.8}% 81
\BOOKMARK [1][-]{section.8.8}{\040Good\040day}{chapter.8}% 82
\BOOKMARK [1][-]{section.8.9}{\040I\040feel\040fine,\040yeah}{chapter.8}% 83
\BOOKMARK [1][-]{section.8.10}{ 少女の頃に戻ったみたいに}{chapter.8}% 84
\BOOKMARK [1][-]{section.8.11}{ 息もできない}{chapter.8}% 85
\BOOKMARK [1][-]{section.8.12}{ 風が通り抜ける街へ}{chapter.8}% 86
\BOOKMARK [1][-]{section.8.13}{ フォトグラフ}{chapter.8}% 87
\BOOKMARK [0][-]{chapter.9}{Album\0409}{}% 88
\BOOKMARK [1][-]{section.9.1}{\040Get\040U're\040Dream}{chapter.9}% 89
\BOOKMARK [1][-]{section.9.2}{ この涙　星になれ}{chapter.9}% 90
\BOOKMARK [1][-]{section.9.3}{ promised you～with P-edition～}{chapter.9}% 91
\BOOKMARK [1][-]{section.9.4}{ 痛いくらい君があふれているよ}{chapter.9}% 92
\BOOKMARK [1][-]{section.9.5}{ 窓の外はモノクローム}{chapter.9}% 93
\BOOKMARK [1][-]{section.9.6}{ お·も·ひ·で}{chapter.9}% 94
\BOOKMARK [1][-]{section.9.7}{ 明日もし君が壊れても}{chapter.9}% 95
\BOOKMARK [1][-]{section.9.8}{ 世界はきっと未来の中}{chapter.9}% 96
\BOOKMARK [1][-]{section.9.9}{\040hero}{chapter.9}% 97
\BOOKMARK [1][-]{section.9.10}{ 時間（とき）の翼}{chapter.9}% 98
\BOOKMARK [0][-]{chapter.10}{Album\04010}{}% 99
\BOOKMARK [1][-]{section.10.1}{ 明日を夢見て}{chapter.10}% 100
\BOOKMARK [1][-]{section.10.2}{ 時間の翼}{chapter.10}% 101
\BOOKMARK [1][-]{section.10.3}{ もっと近くで君の横顔見ていたい}{chapter.10}% 102
\BOOKMARK [1][-]{section.10.4}{\040Pray}{chapter.10}% 103
\BOOKMARK [1][-]{section.10.5}{ 出逢いそして別れ}{chapter.10}% 104
\BOOKMARK [1][-]{section.10.6}{ 止まっていた時計が今動き出した}{chapter.10}% 105
\BOOKMARK [1][-]{section.10.7}{ 瞳閉じて}{chapter.10}% 106
\BOOKMARK [1][-]{section.10.8}{ さわやかな君の気持ち\(Album Ver.\)}{chapter.10}% 107
\BOOKMARK [1][-]{section.10.9}{ 愛であなたを救いましょう}{chapter.10}% 108
\BOOKMARK [1][-]{section.10.10}{ 天使のような笑顔で}{chapter.10}% 109
\BOOKMARK [1][-]{section.10.11}{ 悲しいほど 今日は雨でも}{chapter.10}% 110
\BOOKMARK [0][-]{chapter.11}{Album\04011}{}% 111
\BOOKMARK [1][-]{section.11.1}{ 夏を待つセイル\(帆\)のように}{chapter.11}% 112
\BOOKMARK [1][-]{section.11.2}{ サヨナラまでのディスタンス}{chapter.11}% 113
\BOOKMARK [1][-]{section.11.3}{ かけがえのないもの}{chapter.11}% 114
\BOOKMARK [1][-]{section.11.4}{ 今日はゆっくり話そう}{chapter.11}% 115
\BOOKMARK [1][-]{section.11.5}{ 君とのふれあい}{chapter.11}% 116
\BOOKMARK [1][-]{section.11.6}{ セパレート ウェイズ}{chapter.11}% 117
\BOOKMARK [1][-]{section.11.7}{\040Last\040Good-bye}{chapter.11}% 118
\BOOKMARK [1][-]{section.11.8}{ 星のかがやきよ}{chapter.11}% 119
\BOOKMARK [1][-]{section.11.9}{ 月に願いを}{chapter.11}% 120
\BOOKMARK [1][-]{section.11.10}{ あなたと共に生きてゆく}{chapter.11}% 121
\BOOKMARK [1][-]{section.11.11}{\040I\040can't\040tell}{chapter.11}% 122
\BOOKMARK [1][-]{section.11.12}{\040good-night\040sweetheart}{chapter.11}% 123
\BOOKMARK [1][-]{section.11.13}{ 君と今日の事を一生忘れない}{chapter.11}% 124
\BOOKMARK [0][-]{chapter.12}{Others}{}% 125
\BOOKMARK [1][-]{section.12.1}{ 約束のない恋}{chapter.12}% 126
\BOOKMARK [1][-]{section.12.2}{ クリスマスタイム\(ZARD Version\)}{chapter.12}% 127
\BOOKMARK [1][-]{section.12.3}{ 果てしない夢を}{chapter.12}% 128
\BOOKMARK [1][-]{section.12.4}{ 異邦人}{chapter.12}% 129
\BOOKMARK [1][-]{section.12.5}{ 永遠 ～君と僕との間に～}{chapter.12}% 130
\BOOKMARK [1][-]{section.12.6}{ 雨に濡れて}{chapter.12}% 131
\BOOKMARK [1][-]{section.12.7}{ 私だけ見つめて}{chapter.12}% 132
\BOOKMARK [1][-]{section.12.8}{\040Just\040For\040You}{chapter.12}% 133
\BOOKMARK [1][-]{section.12.9}{ カナリヤ}{chapter.12}% 134
\BOOKMARK [1][-]{section.12.10}{ 黄昏にMy Lonely Heart}{chapter.12}% 135
\BOOKMARK [1][-]{section.12.11}{\040Boy}{chapter.12}% 136
\BOOKMARK [1][-]{section.12.12}{ あなたのせいじゃない}{chapter.12}% 137
\BOOKMARK [1][-]{section.12.13}{\040Take\040Me\040to\040Your\040Dream}{chapter.12}% 138
\BOOKMARK [1][-]{section.12.14}{\040Ready,\040Go}{chapter.12}% 139
\BOOKMARK [1][-]{section.12.15}{\040Teenage\040dream}{chapter.12}% 140
\BOOKMARK [1][-]{section.12.16}{ 君へのブルース}{chapter.12}% 141
\BOOKMARK [1][-]{section.12.17}{ 目覚めた朝は…}{chapter.12}% 142
\BOOKMARK [1][-]{section.12.18}{\040Change\040My\040Mind}{chapter.12}% 143
\BOOKMARK [1][-]{section.12.19}{\040Don't\040you\040see!}{chapter.12}% 144
\BOOKMARK [1][-]{section.12.20}{ 愛を信じていたい}{chapter.12}% 145
\BOOKMARK [1][-]{section.12.21}{ 帰らぬ時間の中で}{chapter.12}% 146
\BOOKMARK [1][-]{section.12.22}{\040I\040can't\040let\040go}{chapter.12}% 147
\BOOKMARK [1][-]{section.12.23}{\040Love\040is\040Gone}{chapter.12}% 148
\BOOKMARK [1][-]{section.12.24}{\040Vintage}{chapter.12}% 149
\BOOKMARK [1][-]{section.12.25}{ 君に逢いたくなったら…}{chapter.12}% 150
\BOOKMARK [1][-]{section.12.26}{ 汗の中でCRY}{chapter.12}% 151
\BOOKMARK [1][-]{section.12.27}{\040Stray\040Love}{chapter.12}% 152
\BOOKMARK [1][-]{section.12.28}{\040Hypnosis}{chapter.12}% 153
\BOOKMARK [1][-]{section.12.29}{\040MIND\040GAMES}{chapter.12}% 154
\BOOKMARK [1][-]{section.12.30}{\040Seven\040Rainbow}{chapter.12}% 155
\BOOKMARK [1][-]{section.12.31}{\040Get\040U're\040Dream}{chapter.12}% 156
\BOOKMARK [1][-]{section.12.32}{\040The\040Only\040Truth\040I\040Know\040Is\040You}{chapter.12}% 157
\BOOKMARK [1][-]{section.12.33}{ 抱きしめていて}{chapter.12}% 158
\BOOKMARK [1][-]{section.12.34}{ 探しに行こうよ}{chapter.12}% 159
\BOOKMARK [1][-]{section.12.35}{ 愛しい人よ～名もなき旅人よ～}{chapter.12}% 160
\BOOKMARK [1][-]{section.12.36}{ リセット}{chapter.12}% 161
\BOOKMARK [1][-]{section.12.37}{ 雨が降り出す前に}{chapter.12}% 162
\BOOKMARK [1][-]{section.12.38}{ 淡い雪がとけて}{chapter.12}% 163
\BOOKMARK [1][-]{section.12.39}{ 無我夢中}{chapter.12}% 164
\BOOKMARK [1][-]{section.12.40}{ 悲しいほど貴方が好き}{chapter.12}% 165
\BOOKMARK [1][-]{section.12.41}{ ハートに火をつけて}{chapter.12}% 166
\BOOKMARK [1][-]{section.12.42}{ クロリアス マインド}{chapter.12}% 167
\BOOKMARK [1][-]{section.12.43}{ 愛は暗闇の中で\(44th Single ver.\)}{chapter.12}% 168
\BOOKMARK [1][-]{section.12.44}{ カラッといこう！}{chapter.12}% 169
\BOOKMARK [1][-]{section.12.45}{ 翼を広げて}{chapter.12}% 170
